This file contains any messages produced by compilers while
running configure, to aid debugging if configure makes a mistake.

It was created by ecm configure 7.0.4, which was
generated by GNU Autoconf 2.69.  Invocation command line was

  $ ./configure 

## --------- ##
## Platform. ##
## --------- ##

hostname = KillerBee
uname -m = x86_64
uname -r = 17.4.0
uname -s = Darwin
uname -v = Darwin Kernel Version 17.4.0: Sun Dec 17 09:19:54 PST 2017; root:xnu-4570.41.2~1/RELEASE_X86_64

/usr/bin/uname -p = i386
/bin/uname -X     = unknown

/bin/arch              = unknown
/usr/bin/arch -k       = unknown
/usr/convex/getsysinfo = unknown
/usr/bin/hostinfo      = Mach kernel version:
	 Darwin Kernel Version 17.4.0: Sun Dec 17 09:19:54 PST 2017; root:xnu-4570.41.2~1/RELEASE_X86_64
Kernel configured for up to 4 processors.
2 processors are physically available.
4 processors are logically available.
Processor type: x86_64h (Intel x86-64h Haswell)
Processors active: 0 1 2 3
Primary memory available: 8.00 gigabytes
Default processor set: 359 tasks, 1382 threads, 4 processors
Load average: 1.19, Mach factor: 2.80
/bin/machine           = unknown
/usr/bin/oslevel       = unknown
/bin/universe          = unknown

PATH: /usr/local/bin
PATH: /usr/bin
PATH: /bin
PATH: /usr/sbin
PATH: /sbin
PATH: /usr/local/share/dotnet
PATH: /opt/X11/bin
PATH: /Library/Frameworks/Mono.framework/Versions/Current/Commands
PATH: /Applications/Wireshark.app/Contents/MacOS


## ----------- ##
## Core tests. ##
## ----------- ##

configure:2545: checking for a BSD-compatible install
configure:2613: result: /usr/bin/install -c
configure:2624: checking whether build environment is sane
configure:2679: result: yes
configure:2830: checking for a thread-safe mkdir -p
configure:2869: result: ./install-sh -c -d
configure:2876: checking for gawk
configure:2906: result: no
configure:2876: checking for mawk
configure:2906: result: no
configure:2876: checking for nawk
configure:2906: result: no
configure:2876: checking for awk
configure:2892: found /usr/bin/awk
configure:2903: result: awk
configure:2914: checking whether make sets $(MAKE)
configure:2936: result: yes
configure:2965: checking whether make supports nested variables
configure:2982: result: yes
configure:3112: checking build system type
configure:3126: result: x86_64-apple-darwin17.4.0
configure:3146: checking host system type
configure:3159: result: x86_64-apple-darwin17.4.0
configure:3191: checking for grep that handles long lines and -e
configure:3249: result: /usr/bin/grep
configure:3254: checking for egrep
configure:3316: result: /usr/bin/grep -E
configure:3321: checking for a sed that does not truncate output
configure:3385: result: /usr/bin/sed
configure:3521: checking for CC and CFLAGS in gmp.h
Trying to run /lib/cpp -P
Could not run /lib/cpp -P
Trying to run gcc -E -P
Trying to parse gmp.h with: gcc -E -P  conftest.c
Success, GMP_CC=clang, GMP_CFLAGS=-O2 -pedantic -fomit-frame-pointer -m64 -mtune=core2 -march=core2
configure:3564: result: yes CC=clang CFLAGS=-O2 -pedantic -fomit-frame-pointer -m64 -mtune=core2 -march=core2
configure:3570: checking whether CC=clang and CFLAGS=-O2 -pedantic -fomit-frame-pointer -m64 -mtune=core2 -march=core2 works
configure:3577: result: yes
configure:3639: checking for gcc
configure:3666: result: clang
configure:3895: checking for C compiler version
configure:3904: clang --version >&5
Apple LLVM version 9.0.0 (clang-900.0.39.2)
Target: x86_64-apple-darwin17.4.0
Thread model: posix
InstalledDir: /Applications/Xcode.app/Contents/Developer/Toolchains/XcodeDefault.xctoolchain/usr/bin
configure:3915: $? = 0
configure:3904: clang -v >&5
Apple LLVM version 9.0.0 (clang-900.0.39.2)
Target: x86_64-apple-darwin17.4.0
Thread model: posix
InstalledDir: /Applications/Xcode.app/Contents/Developer/Toolchains/XcodeDefault.xctoolchain/usr/bin
configure:3915: $? = 0
configure:3904: clang -V >&5
clang: error: argument to '-V' is missing (expected 1 value)
clang: error: no input files
configure:3915: $? = 1
configure:3904: clang -qversion >&5
clang: error: unknown argument: '-qversion'
clang: error: no input files
configure:3915: $? = 1
configure:3935: checking whether the C compiler works
configure:3957: clang -O2 -pedantic -fomit-frame-pointer -m64 -mtune=core2 -march=core2   conftest.c  >&5
configure:3961: $? = 0
configure:4009: result: yes
configure:4012: checking for C compiler default output file name
configure:4014: result: a.out
configure:4020: checking for suffix of executables
configure:4027: clang -o conftest -O2 -pedantic -fomit-frame-pointer -m64 -mtune=core2 -march=core2   conftest.c  >&5
configure:4031: $? = 0
configure:4053: result: 
configure:4075: checking whether we are cross compiling
configure:4083: clang -o conftest -O2 -pedantic -fomit-frame-pointer -m64 -mtune=core2 -march=core2   conftest.c  >&5
configure:4087: $? = 0
configure:4094: ./conftest
configure:4098: $? = 0
configure:4113: result: no
configure:4118: checking for suffix of object files
configure:4140: clang -c -O2 -pedantic -fomit-frame-pointer -m64 -mtune=core2 -march=core2  conftest.c >&5
configure:4144: $? = 0
configure:4165: result: o
configure:4169: checking whether we are using the GNU C compiler
configure:4188: clang -c -O2 -pedantic -fomit-frame-pointer -m64 -mtune=core2 -march=core2  conftest.c >&5
configure:4188: $? = 0
configure:4197: result: yes
configure:4206: checking whether clang accepts -g
configure:4226: clang -c -g  conftest.c >&5
configure:4226: $? = 0
configure:4267: result: yes
configure:4284: checking for clang option to accept ISO C89
configure:4347: clang  -c -O2 -pedantic -fomit-frame-pointer -m64 -mtune=core2 -march=core2  conftest.c >&5
configure:4347: $? = 0
configure:4360: result: none needed
configure:4385: checking whether clang understands -c and -o together
configure:4407: clang -c conftest.c -o conftest2.o
configure:4410: $? = 0
configure:4407: clang -c conftest.c -o conftest2.o
configure:4410: $? = 0
configure:4422: result: yes
configure:4450: checking for style of include used by make
configure:4478: result: GNU
configure:4504: checking dependency style of clang
configure:4615: result: gcc3
configure:4639: checking dependency style of clang
configure:4748: result: gcc3
configure:4816: checking how to print strings
configure:4843: result: printf
configure:4864: checking for a sed that does not truncate output
configure:4928: result: /usr/bin/sed
configure:4946: checking for fgrep
configure:5008: result: /usr/bin/grep -F
configure:5043: checking for ld used by clang
configure:5110: result: /Applications/Xcode.app/Contents/Developer/Toolchains/XcodeDefault.xctoolchain/usr/bin/ld
configure:5117: checking if the linker (/Applications/Xcode.app/Contents/Developer/Toolchains/XcodeDefault.xctoolchain/usr/bin/ld) is GNU ld
configure:5132: result: no
configure:5144: checking for BSD- or MS-compatible name lister (nm)
configure:5198: result: /usr/bin/nm -B
configure:5328: checking the name lister (/usr/bin/nm -B) interface
configure:5335: clang -c -O2 -pedantic -fomit-frame-pointer -m64 -mtune=core2 -march=core2  conftest.c >&5
configure:5338: /usr/bin/nm -B "conftest.o"
configure:5341: output
0000000000000000 S _some_variable
configure:5348: result: BSD nm
configure:5351: checking whether ln -s works
configure:5355: result: yes
configure:5363: checking the maximum length of command line arguments
configure:5494: result: 196608
configure:5542: checking how to convert x86_64-apple-darwin17.4.0 file names to x86_64-apple-darwin17.4.0 format
configure:5582: result: func_convert_file_noop
configure:5589: checking how to convert x86_64-apple-darwin17.4.0 file names to toolchain format
configure:5609: result: func_convert_file_noop
configure:5616: checking for /Applications/Xcode.app/Contents/Developer/Toolchains/XcodeDefault.xctoolchain/usr/bin/ld option to reload object files
configure:5623: result: -r
configure:5697: checking for objdump
configure:5713: found /usr/bin/objdump
configure:5724: result: objdump
configure:5756: checking how to recognize dependent libraries
configure:5956: result: pass_all
configure:6041: checking for dlltool
configure:6071: result: no
configure:6101: checking how to associate runtime and link libraries
configure:6128: result: printf %s\n
configure:6189: checking for ar
configure:6205: found /usr/bin/ar
configure:6216: result: ar
configure:6253: checking for archiver @FILE support
configure:6270: clang -c -O2 -pedantic -fomit-frame-pointer -m64 -mtune=core2 -march=core2  conftest.c >&5
configure:6270: $? = 0
configure:6273: ar cru libconftest.a @conftest.lst >&5
ar: @conftest.lst: No such file or directory
configure:6276: $? = 1
configure:6296: result: no
configure:6354: checking for strip
configure:6370: found /usr/bin/strip
configure:6381: result: strip
configure:6453: checking for ranlib
configure:6469: found /usr/bin/ranlib
configure:6480: result: ranlib
configure:6582: checking command to parse /usr/bin/nm -B output from clang object
configure:6735: clang -c -O2 -pedantic -fomit-frame-pointer -m64 -mtune=core2 -march=core2  conftest.c >&5
configure:6738: $? = 0
configure:6742: /usr/bin/nm -B conftest.o \| sed -n -e 's/^.*[ ]\([BCDEGRST][BCDEGRST]*\)[ ][ ]*\([_A-Za-z][_A-Za-z0-9]*\)$/\1 \2 \2/p' | sed '/ __gnu_lto/d' \> conftest.nm
configure:6745: $? = 0
cannot find nm_test_var in conftest.nm
configure:6735: clang -c -O2 -pedantic -fomit-frame-pointer -m64 -mtune=core2 -march=core2  conftest.c >&5
configure:6738: $? = 0
configure:6742: /usr/bin/nm -B conftest.o \| sed -n -e 's/^.*[ ]\([BCDEGRST][BCDEGRST]*\)[ ][ ]*_\([_A-Za-z][_A-Za-z0-9]*\)$/\1 _\2 \2/p' | sed '/ __gnu_lto/d' \> conftest.nm
configure:6745: $? = 0
configure:6811: clang -o conftest -O2 -pedantic -fomit-frame-pointer -m64 -mtune=core2 -march=core2   conftest.c conftstm.o >&5
configure:6814: $? = 0
configure:6852: result: ok
configure:6899: checking for sysroot
configure:6929: result: no
configure:6936: checking for a working dd
configure:6974: result: /bin/dd
configure:6978: checking how to truncate binary pipes
configure:6993: result: /bin/dd bs=4096 count=1
configure:7322: checking for mt
configure:7352: result: no
configure:7372: checking if : is a manifest tool
configure:7378: : '-?'
configure:7386: result: no
configure:7442: checking for dsymutil
configure:7458: found /usr/bin/dsymutil
configure:7469: result: dsymutil
configure:7534: checking for nmedit
configure:7550: found /usr/bin/nmedit
configure:7561: result: nmedit
configure:7626: checking for lipo
configure:7642: found /usr/bin/lipo
configure:7653: result: lipo
configure:7718: checking for otool
configure:7734: found /usr/bin/otool
configure:7745: result: otool
configure:7810: checking for otool64
configure:7840: result: no
configure:7885: checking for -single_module linker flag
clang -O2 -pedantic -fomit-frame-pointer -m64 -mtune=core2 -march=core2  -o libconftest.dylib -dynamiclib -Wl,-single_module conftest.c
configure:7918: result: yes
configure:7921: checking for -exported_symbols_list linker flag
configure:7941: clang -o conftest -O2 -pedantic -fomit-frame-pointer -m64 -mtune=core2 -march=core2   -Wl,-exported_symbols_list,conftest.sym conftest.c  >&5
configure:7941: $? = 0
configure:7951: result: yes
configure:7954: checking for -force_load linker flag
clang -O2 -pedantic -fomit-frame-pointer -m64 -mtune=core2 -march=core2 -c -o conftest.o conftest.c
ar cru libconftest.a conftest.o
ranlib libconftest.a
clang -O2 -pedantic -fomit-frame-pointer -m64 -mtune=core2 -march=core2  -o conftest conftest.c -Wl,-force_load,./libconftest.a
configure:7986: result: yes
configure:8063: checking how to run the C preprocessor
configure:8094: clang -E  conftest.c
configure:8094: $? = 0
configure:8108: clang -E  conftest.c
conftest.c:12:10: fatal error: 'ac_nonexistent.h' file not found
#include <ac_nonexistent.h>
         ^~~~~~~~~~~~~~~~~~
1 error generated.
configure:8108: $? = 1
configure: failed program was:
| /* confdefs.h */
| #define PACKAGE_NAME "ecm"
| #define PACKAGE_TARNAME "ecm"
| #define PACKAGE_VERSION "7.0.4"
| #define PACKAGE_STRING "ecm 7.0.4"
| #define PACKAGE_BUGREPORT "ecm-discuss@lists.gforge.inria.fr"
| #define PACKAGE_URL ""
| #define PACKAGE "ecm"
| #define VERSION "7.0.4"
| #define ECM_VERSION "7.0.4"
| /* end confdefs.h.  */
| #include <ac_nonexistent.h>
configure:8133: result: clang -E
configure:8153: clang -E  conftest.c
configure:8153: $? = 0
configure:8167: clang -E  conftest.c
conftest.c:12:10: fatal error: 'ac_nonexistent.h' file not found
#include <ac_nonexistent.h>
         ^~~~~~~~~~~~~~~~~~
1 error generated.
configure:8167: $? = 1
configure: failed program was:
| /* confdefs.h */
| #define PACKAGE_NAME "ecm"
| #define PACKAGE_TARNAME "ecm"
| #define PACKAGE_VERSION "7.0.4"
| #define PACKAGE_STRING "ecm 7.0.4"
| #define PACKAGE_BUGREPORT "ecm-discuss@lists.gforge.inria.fr"
| #define PACKAGE_URL ""
| #define PACKAGE "ecm"
| #define VERSION "7.0.4"
| #define ECM_VERSION "7.0.4"
| /* end confdefs.h.  */
| #include <ac_nonexistent.h>
configure:8196: checking for ANSI C header files
configure:8216: clang -c -O2 -pedantic -fomit-frame-pointer -m64 -mtune=core2 -march=core2  conftest.c >&5
configure:8216: $? = 0
configure:8289: clang -o conftest -O2 -pedantic -fomit-frame-pointer -m64 -mtune=core2 -march=core2   conftest.c  >&5
configure:8289: $? = 0
configure:8289: ./conftest
configure:8289: $? = 0
configure:8300: result: yes
configure:8313: checking for sys/types.h
configure:8313: clang -c -O2 -pedantic -fomit-frame-pointer -m64 -mtune=core2 -march=core2  conftest.c >&5
configure:8313: $? = 0
configure:8313: result: yes
configure:8313: checking for sys/stat.h
configure:8313: clang -c -O2 -pedantic -fomit-frame-pointer -m64 -mtune=core2 -march=core2  conftest.c >&5
configure:8313: $? = 0
configure:8313: result: yes
configure:8313: checking for stdlib.h
configure:8313: clang -c -O2 -pedantic -fomit-frame-pointer -m64 -mtune=core2 -march=core2  conftest.c >&5
configure:8313: $? = 0
configure:8313: result: yes
configure:8313: checking for string.h
configure:8313: clang -c -O2 -pedantic -fomit-frame-pointer -m64 -mtune=core2 -march=core2  conftest.c >&5
configure:8313: $? = 0
configure:8313: result: yes
configure:8313: checking for memory.h
configure:8313: clang -c -O2 -pedantic -fomit-frame-pointer -m64 -mtune=core2 -march=core2  conftest.c >&5
configure:8313: $? = 0
configure:8313: result: yes
configure:8313: checking for strings.h
configure:8313: clang -c -O2 -pedantic -fomit-frame-pointer -m64 -mtune=core2 -march=core2  conftest.c >&5
configure:8313: $? = 0
configure:8313: result: yes
configure:8313: checking for inttypes.h
configure:8313: clang -c -O2 -pedantic -fomit-frame-pointer -m64 -mtune=core2 -march=core2  conftest.c >&5
configure:8313: $? = 0
configure:8313: result: yes
configure:8313: checking for stdint.h
configure:8313: clang -c -O2 -pedantic -fomit-frame-pointer -m64 -mtune=core2 -march=core2  conftest.c >&5
configure:8313: $? = 0
configure:8313: result: yes
configure:8313: checking for unistd.h
configure:8313: clang -c -O2 -pedantic -fomit-frame-pointer -m64 -mtune=core2 -march=core2  conftest.c >&5
configure:8313: $? = 0
configure:8313: result: yes
configure:8327: checking for dlfcn.h
configure:8327: clang -c -O2 -pedantic -fomit-frame-pointer -m64 -mtune=core2 -march=core2  conftest.c >&5
configure:8327: $? = 0
configure:8327: result: yes
configure:8582: checking for objdir
configure:8597: result: .libs
configure:8861: checking if clang supports -fno-rtti -fno-exceptions
configure:8879: clang -c -O2 -pedantic -fomit-frame-pointer -m64 -mtune=core2 -march=core2  -fno-rtti -fno-exceptions conftest.c >&5
configure:8883: $? = 0
configure:8896: result: yes
configure:9254: checking for clang option to produce PIC
configure:9261: result: -fno-common -DPIC
configure:9269: checking if clang PIC flag -fno-common -DPIC works
configure:9287: clang -c -O2 -pedantic -fomit-frame-pointer -m64 -mtune=core2 -march=core2  -fno-common -DPIC -DPIC conftest.c >&5
configure:9291: $? = 0
configure:9304: result: yes
configure:9333: checking if clang static flag -static works
configure:9361: result: no
configure:9376: checking if clang supports -c -o file.o
configure:9397: clang -c -O2 -pedantic -fomit-frame-pointer -m64 -mtune=core2 -march=core2  -o out/conftest2.o conftest.c >&5
configure:9401: $? = 0
configure:9423: result: yes
configure:9431: checking if clang supports -c -o file.o
configure:9478: result: yes
configure:9511: checking whether the clang linker (/Applications/Xcode.app/Contents/Developer/Toolchains/XcodeDefault.xctoolchain/usr/bin/ld) supports shared libraries
configure:10774: result: yes
configure:11014: checking dynamic linker characteristics
configure:11844: result: darwin17.4.0 dyld
configure:11966: checking how to hardcode library paths into programs
configure:11991: result: immediate
configure:12539: checking whether stripping libraries is possible
configure:12553: result: yes
configure:12579: checking if libtool supports shared libraries
configure:12581: result: yes
configure:12584: checking whether to build shared libraries
configure:12609: result: no
configure:12612: checking whether to build static libraries
configure:12616: result: yes
configure:12655: checking for int64_t
configure:12655: clang -c -O2 -pedantic -fomit-frame-pointer -m64 -mtune=core2 -march=core2  conftest.c >&5
configure:12655: $? = 0
configure:12655: clang -c -O2 -pedantic -fomit-frame-pointer -m64 -mtune=core2 -march=core2  conftest.c >&5
conftest.c:61:24: error: 'test_array' declared as an array with a negative size
static int test_array [1 - 2 * !((int64_t) (((((int64_t) 1 << N) << N) - 1) * 2 + 1)
                       ^~~~~~~~~~~~~~~~~~~~~~~~~~~~~~~~~~~~~~~~~~~~~~~~~~~~~~~~~~~~~
1 error generated.
configure:12655: $? = 1
configure: failed program was:
| /* confdefs.h */
| #define PACKAGE_NAME "ecm"
| #define PACKAGE_TARNAME "ecm"
| #define PACKAGE_VERSION "7.0.4"
| #define PACKAGE_STRING "ecm 7.0.4"
| #define PACKAGE_BUGREPORT "ecm-discuss@lists.gforge.inria.fr"
| #define PACKAGE_URL ""
| #define PACKAGE "ecm"
| #define VERSION "7.0.4"
| #define ECM_VERSION "7.0.4"
| #define STDC_HEADERS 1
| #define HAVE_SYS_TYPES_H 1
| #define HAVE_SYS_STAT_H 1
| #define HAVE_STDLIB_H 1
| #define HAVE_STRING_H 1
| #define HAVE_MEMORY_H 1
| #define HAVE_STRINGS_H 1
| #define HAVE_INTTYPES_H 1
| #define HAVE_STDINT_H 1
| #define HAVE_UNISTD_H 1
| #define HAVE_DLFCN_H 1
| #define LT_OBJDIR ".libs/"
| /* end confdefs.h.  */
| #include <stdio.h>
| #ifdef HAVE_SYS_TYPES_H
| # include <sys/types.h>
| #endif
| #ifdef HAVE_SYS_STAT_H
| # include <sys/stat.h>
| #endif
| #ifdef STDC_HEADERS
| # include <stdlib.h>
| # include <stddef.h>
| #else
| # ifdef HAVE_STDLIB_H
| #  include <stdlib.h>
| # endif
| #endif
| #ifdef HAVE_STRING_H
| # if !defined STDC_HEADERS && defined HAVE_MEMORY_H
| #  include <memory.h>
| # endif
| # include <string.h>
| #endif
| #ifdef HAVE_STRINGS_H
| # include <strings.h>
| #endif
| #ifdef HAVE_INTTYPES_H
| # include <inttypes.h>
| #endif
| #ifdef HAVE_STDINT_H
| # include <stdint.h>
| #endif
| #ifdef HAVE_UNISTD_H
| # include <unistd.h>
| #endif
| 	        enum { N = 64 / 2 - 1 };
| int
| main ()
| {
| static int test_array [1 - 2 * !((int64_t) (((((int64_t) 1 << N) << N) - 1) * 2 + 1)
| 		 < (int64_t) (((((int64_t) 1 << N) << N) - 1) * 2 + 2))];
| test_array [0] = 0;
| return test_array [0];
| 
|   ;
|   return 0;
| }
configure:12655: result: yes
configure:12666: checking for uint64_t
configure:12666: clang -c -O2 -pedantic -fomit-frame-pointer -m64 -mtune=core2 -march=core2  conftest.c >&5
configure:12666: $? = 0
configure:12666: result: yes
configure:12681: checking for unsigned long long int
configure:12720: clang -o conftest -O2 -pedantic -fomit-frame-pointer -m64 -mtune=core2 -march=core2   conftest.c  >&5
configure:12720: $? = 0
configure:12729: result: yes
configure:12739: checking for long long int
configure:12777: clang -o conftest -O2 -pedantic -fomit-frame-pointer -m64 -mtune=core2 -march=core2   conftest.c  >&5
configure:12777: $? = 0
configure:12777: ./conftest
configure:12777: $? = 0
configure:12789: result: yes
configure:12798: checking for an ANSI C-conforming const
configure:12864: clang -c -O2 -pedantic -fomit-frame-pointer -m64 -mtune=core2 -march=core2  conftest.c >&5
configure:12864: $? = 0
configure:12871: result: yes
configure:12880: checking for inline
configure:12896: clang -c -O2 -pedantic -fomit-frame-pointer -m64 -mtune=core2 -march=core2  conftest.c >&5
configure:12896: $? = 0
configure:12904: result: inline
configure:12923: checking whether time.h and sys/time.h may both be included
configure:12943: clang -c -O2 -pedantic -fomit-frame-pointer -m64 -mtune=core2 -march=core2  conftest.c >&5
configure:12943: $? = 0
configure:12950: result: yes
configure:12959: checking for size_t
configure:12959: clang -c -O2 -pedantic -fomit-frame-pointer -m64 -mtune=core2 -march=core2  conftest.c >&5
configure:12959: $? = 0
configure:12959: clang -c -O2 -pedantic -fomit-frame-pointer -m64 -mtune=core2 -march=core2  conftest.c >&5
conftest.c:63:21: error: expected expression
if (sizeof ((size_t)))
                    ^
1 error generated.
configure:12959: $? = 1
configure: failed program was:
| /* confdefs.h */
| #define PACKAGE_NAME "ecm"
| #define PACKAGE_TARNAME "ecm"
| #define PACKAGE_VERSION "7.0.4"
| #define PACKAGE_STRING "ecm 7.0.4"
| #define PACKAGE_BUGREPORT "ecm-discuss@lists.gforge.inria.fr"
| #define PACKAGE_URL ""
| #define PACKAGE "ecm"
| #define VERSION "7.0.4"
| #define ECM_VERSION "7.0.4"
| #define STDC_HEADERS 1
| #define HAVE_SYS_TYPES_H 1
| #define HAVE_SYS_STAT_H 1
| #define HAVE_STDLIB_H 1
| #define HAVE_STRING_H 1
| #define HAVE_MEMORY_H 1
| #define HAVE_STRINGS_H 1
| #define HAVE_INTTYPES_H 1
| #define HAVE_STDINT_H 1
| #define HAVE_UNISTD_H 1
| #define HAVE_DLFCN_H 1
| #define LT_OBJDIR ".libs/"
| #define HAVE_UNSIGNED_LONG_LONG_INT 1
| #define HAVE_LONG_LONG_INT 1
| #define TIME_WITH_SYS_TIME 1
| /* end confdefs.h.  */
| #include <stdio.h>
| #ifdef HAVE_SYS_TYPES_H
| # include <sys/types.h>
| #endif
| #ifdef HAVE_SYS_STAT_H
| # include <sys/stat.h>
| #endif
| #ifdef STDC_HEADERS
| # include <stdlib.h>
| # include <stddef.h>
| #else
| # ifdef HAVE_STDLIB_H
| #  include <stdlib.h>
| # endif
| #endif
| #ifdef HAVE_STRING_H
| # if !defined STDC_HEADERS && defined HAVE_MEMORY_H
| #  include <memory.h>
| # endif
| # include <string.h>
| #endif
| #ifdef HAVE_STRINGS_H
| # include <strings.h>
| #endif
| #ifdef HAVE_INTTYPES_H
| # include <inttypes.h>
| #endif
| #ifdef HAVE_STDINT_H
| # include <stdint.h>
| #endif
| #ifdef HAVE_UNISTD_H
| # include <unistd.h>
| #endif
| int
| main ()
| {
| if (sizeof ((size_t)))
| 	    return 0;
|   ;
|   return 0;
| }
configure:12959: result: yes
configure:13048: checking if assembly code is ELF
configure:13065: result: no
configure:13106: clang -c -O2 -pedantic -fomit-frame-pointer -m64 -mtune=core2 -march=core2  conftest.c >&5
configure:13106: $? = 0
configure:13163: checking for suitable m4
trying m4
good
configure:13205: result: m4
configure:13210: checking how to switch to text section
configure:13222: result: .text
configure:13226: checking how to export a symbol
configure:13237: result: .globl
configure:13241: checking what assembly label suffix to use
configure:13253: result: :
configure:13260: checking if globals are prefixed by underscore
configure:13286: clang -O2 -pedantic -fomit-frame-pointer -m64 -mtune=core2 -march=core2  -c conftes1.c >&5 && clang -O2 -pedantic -fomit-frame-pointer -m64 -mtune=core2 -march=core2 -c conftes2.s >&5 && clang -O2 -pedantic -fomit-frame-pointer -m64 -mtune=core2 -march=core2  conftes1.o conftes2.o >&5
conftes1.c:4:1: warning: type specifier missing, defaults to 'int' [-Wimplicit-int]
main () { underscore_test(); }
^
conftes1.c:4:11: warning: implicit declaration of function 'underscore_test' is invalid in C99 [-Wimplicit-function-declaration]
main () { underscore_test(); }
          ^
2 warnings generated.
Undefined symbols for architecture x86_64:
  "_underscore_test", referenced from:
      _main in conftes1.o
ld: symbol(s) not found for architecture x86_64
clang: error: linker command failed with exit code 1 (use -v to see invocation)
configure:13289: $? = 1
configure:13286: clang -O2 -pedantic -fomit-frame-pointer -m64 -mtune=core2 -march=core2  -c conftes1.c >&5 && clang -O2 -pedantic -fomit-frame-pointer -m64 -mtune=core2 -march=core2 -c conftes2.s >&5 && clang -O2 -pedantic -fomit-frame-pointer -m64 -mtune=core2 -march=core2  conftes1.o conftes2.o >&5
conftes1.c:4:1: warning: type specifier missing, defaults to 'int' [-Wimplicit-int]
main () { underscore_test(); }
^
conftes1.c:4:11: warning: implicit declaration of function 'underscore_test' is invalid in C99 [-Wimplicit-function-declaration]
main () { underscore_test(); }
          ^
2 warnings generated.
configure:13289: $? = 0
configure:13313: result: yes
configure:13325: checking how to switch to text section
configure:13337: result: .text
configure:13341: checking how to export a symbol
configure:13352: result: .globl
configure:13356: checking for assembler .type directive
configure:13367: clang -O2 -pedantic -fomit-frame-pointer -m64 -mtune=core2 -march=core2 -c conftest.s >conftest.out 2>&1
configure:13370: $? = 1
conftest.s:1:2: error: unknown directive
 .type sym,@function
 ^
configure: failed program was:
	.type	sym,@function
configure:13367: clang -O2 -pedantic -fomit-frame-pointer -m64 -mtune=core2 -march=core2 -c conftest.s >conftest.out 2>&1
configure:13370: $? = 1
conftest.s:1:2: error: unknown directive
 .type sym,#function
 ^
configure: failed program was:
	.type	sym,#function
configure:13367: clang -O2 -pedantic -fomit-frame-pointer -m64 -mtune=core2 -march=core2 -c conftest.s >conftest.out 2>&1
configure:13370: $? = 1
conftest.s:1:2: error: unknown directive
 .type sym,%function
 ^
configure: failed program was:
	.type	sym,%function
configure:13390: result: 
configure:13765: checking for working alloca.h
configure:13782: clang -o conftest -O2 -pedantic -fomit-frame-pointer -m64 -mtune=core2 -march=core2   conftest.c  >&5
configure:13782: $? = 0
configure:13790: result: yes
configure:13798: checking for alloca
configure:13835: clang -o conftest -O2 -pedantic -fomit-frame-pointer -m64 -mtune=core2 -march=core2   conftest.c  >&5
configure:13835: $? = 0
configure:13843: result: yes
configure:13949: checking for ANSI C header files
configure:14053: result: yes
configure:14064: checking math.h usability
configure:14064: clang -c -O2 -pedantic -fomit-frame-pointer -m64 -mtune=core2 -march=core2  conftest.c >&5
configure:14064: $? = 0
configure:14064: result: yes
configure:14064: checking math.h presence
configure:14064: clang -E  conftest.c
configure:14064: $? = 0
configure:14064: result: yes
configure:14064: checking for math.h
configure:14064: result: yes
configure:14064: checking limits.h usability
configure:14064: clang -c -O2 -pedantic -fomit-frame-pointer -m64 -mtune=core2 -march=core2  conftest.c >&5
configure:14064: $? = 0
configure:14064: result: yes
configure:14064: checking limits.h presence
configure:14064: clang -E  conftest.c
configure:14064: $? = 0
configure:14064: result: yes
configure:14064: checking for limits.h
configure:14064: result: yes
configure:14064: checking malloc.h usability
configure:14064: clang -c -O2 -pedantic -fomit-frame-pointer -m64 -mtune=core2 -march=core2  conftest.c >&5
conftest.c:69:10: fatal error: 'malloc.h' file not found
#include <malloc.h>
         ^~~~~~~~~~
1 error generated.
configure:14064: $? = 1
configure: failed program was:
| /* confdefs.h */
| #define PACKAGE_NAME "ecm"
| #define PACKAGE_TARNAME "ecm"
| #define PACKAGE_VERSION "7.0.4"
| #define PACKAGE_STRING "ecm 7.0.4"
| #define PACKAGE_BUGREPORT "ecm-discuss@lists.gforge.inria.fr"
| #define PACKAGE_URL ""
| #define PACKAGE "ecm"
| #define VERSION "7.0.4"
| #define ECM_VERSION "7.0.4"
| #define STDC_HEADERS 1
| #define HAVE_SYS_TYPES_H 1
| #define HAVE_SYS_STAT_H 1
| #define HAVE_STDLIB_H 1
| #define HAVE_STRING_H 1
| #define HAVE_MEMORY_H 1
| #define HAVE_STRINGS_H 1
| #define HAVE_INTTYPES_H 1
| #define HAVE_STDINT_H 1
| #define HAVE_UNISTD_H 1
| #define HAVE_DLFCN_H 1
| #define LT_OBJDIR ".libs/"
| #define HAVE_UNSIGNED_LONG_LONG_INT 1
| #define HAVE_LONG_LONG_INT 1
| #define TIME_WITH_SYS_TIME 1
| #define PRIuSIZE "zu"
| #define PRIdSIZE "zd"
| #define USE_ASM_REDC 1
| #define HAVE_APRCL 1
| #define HAVE_ALLOCA_H 1
| #define HAVE_ALLOCA 1
| #define STDC_HEADERS 1
| #define HAVE_MATH_H 1
| #define HAVE_LIMITS_H 1
| /* end confdefs.h.  */
| #include <stdio.h>
| #ifdef HAVE_SYS_TYPES_H
| # include <sys/types.h>
| #endif
| #ifdef HAVE_SYS_STAT_H
| # include <sys/stat.h>
| #endif
| #ifdef STDC_HEADERS
| # include <stdlib.h>
| # include <stddef.h>
| #else
| # ifdef HAVE_STDLIB_H
| #  include <stdlib.h>
| # endif
| #endif
| #ifdef HAVE_STRING_H
| # if !defined STDC_HEADERS && defined HAVE_MEMORY_H
| #  include <memory.h>
| # endif
| # include <string.h>
| #endif
| #ifdef HAVE_STRINGS_H
| # include <strings.h>
| #endif
| #ifdef HAVE_INTTYPES_H
| # include <inttypes.h>
| #endif
| #ifdef HAVE_STDINT_H
| # include <stdint.h>
| #endif
| #ifdef HAVE_UNISTD_H
| # include <unistd.h>
| #endif
| #include <malloc.h>
configure:14064: result: no
configure:14064: checking malloc.h presence
configure:14064: clang -E  conftest.c
conftest.c:36:10: fatal error: 'malloc.h' file not found
#include <malloc.h>
         ^~~~~~~~~~
1 error generated.
configure:14064: $? = 1
configure: failed program was:
| /* confdefs.h */
| #define PACKAGE_NAME "ecm"
| #define PACKAGE_TARNAME "ecm"
| #define PACKAGE_VERSION "7.0.4"
| #define PACKAGE_STRING "ecm 7.0.4"
| #define PACKAGE_BUGREPORT "ecm-discuss@lists.gforge.inria.fr"
| #define PACKAGE_URL ""
| #define PACKAGE "ecm"
| #define VERSION "7.0.4"
| #define ECM_VERSION "7.0.4"
| #define STDC_HEADERS 1
| #define HAVE_SYS_TYPES_H 1
| #define HAVE_SYS_STAT_H 1
| #define HAVE_STDLIB_H 1
| #define HAVE_STRING_H 1
| #define HAVE_MEMORY_H 1
| #define HAVE_STRINGS_H 1
| #define HAVE_INTTYPES_H 1
| #define HAVE_STDINT_H 1
| #define HAVE_UNISTD_H 1
| #define HAVE_DLFCN_H 1
| #define LT_OBJDIR ".libs/"
| #define HAVE_UNSIGNED_LONG_LONG_INT 1
| #define HAVE_LONG_LONG_INT 1
| #define TIME_WITH_SYS_TIME 1
| #define PRIuSIZE "zu"
| #define PRIdSIZE "zd"
| #define USE_ASM_REDC 1
| #define HAVE_APRCL 1
| #define HAVE_ALLOCA_H 1
| #define HAVE_ALLOCA 1
| #define STDC_HEADERS 1
| #define HAVE_MATH_H 1
| #define HAVE_LIMITS_H 1
| /* end confdefs.h.  */
| #include <malloc.h>
configure:14064: result: no
configure:14064: checking for malloc.h
configure:14064: result: no
configure:14064: checking for strings.h
configure:14064: result: yes
configure:14064: checking sys/time.h usability
configure:14064: clang -c -O2 -pedantic -fomit-frame-pointer -m64 -mtune=core2 -march=core2  conftest.c >&5
configure:14064: $? = 0
configure:14064: result: yes
configure:14064: checking sys/time.h presence
configure:14064: clang -E  conftest.c
configure:14064: $? = 0
configure:14064: result: yes
configure:14064: checking for sys/time.h
configure:14064: result: yes
configure:14064: checking for unistd.h
configure:14064: result: yes
configure:14064: checking io.h usability
configure:14064: clang -c -O2 -pedantic -fomit-frame-pointer -m64 -mtune=core2 -march=core2  conftest.c >&5
conftest.c:72:10: fatal error: 'io.h' file not found
#include <io.h>
         ^~~~~~
1 error generated.
configure:14064: $? = 1
configure: failed program was:
| /* confdefs.h */
| #define PACKAGE_NAME "ecm"
| #define PACKAGE_TARNAME "ecm"
| #define PACKAGE_VERSION "7.0.4"
| #define PACKAGE_STRING "ecm 7.0.4"
| #define PACKAGE_BUGREPORT "ecm-discuss@lists.gforge.inria.fr"
| #define PACKAGE_URL ""
| #define PACKAGE "ecm"
| #define VERSION "7.0.4"
| #define ECM_VERSION "7.0.4"
| #define STDC_HEADERS 1
| #define HAVE_SYS_TYPES_H 1
| #define HAVE_SYS_STAT_H 1
| #define HAVE_STDLIB_H 1
| #define HAVE_STRING_H 1
| #define HAVE_MEMORY_H 1
| #define HAVE_STRINGS_H 1
| #define HAVE_INTTYPES_H 1
| #define HAVE_STDINT_H 1
| #define HAVE_UNISTD_H 1
| #define HAVE_DLFCN_H 1
| #define LT_OBJDIR ".libs/"
| #define HAVE_UNSIGNED_LONG_LONG_INT 1
| #define HAVE_LONG_LONG_INT 1
| #define TIME_WITH_SYS_TIME 1
| #define PRIuSIZE "zu"
| #define PRIdSIZE "zd"
| #define USE_ASM_REDC 1
| #define HAVE_APRCL 1
| #define HAVE_ALLOCA_H 1
| #define HAVE_ALLOCA 1
| #define STDC_HEADERS 1
| #define HAVE_MATH_H 1
| #define HAVE_LIMITS_H 1
| #define HAVE_STRINGS_H 1
| #define HAVE_SYS_TIME_H 1
| #define HAVE_UNISTD_H 1
| /* end confdefs.h.  */
| #include <stdio.h>
| #ifdef HAVE_SYS_TYPES_H
| # include <sys/types.h>
| #endif
| #ifdef HAVE_SYS_STAT_H
| # include <sys/stat.h>
| #endif
| #ifdef STDC_HEADERS
| # include <stdlib.h>
| # include <stddef.h>
| #else
| # ifdef HAVE_STDLIB_H
| #  include <stdlib.h>
| # endif
| #endif
| #ifdef HAVE_STRING_H
| # if !defined STDC_HEADERS && defined HAVE_MEMORY_H
| #  include <memory.h>
| # endif
| # include <string.h>
| #endif
| #ifdef HAVE_STRINGS_H
| # include <strings.h>
| #endif
| #ifdef HAVE_INTTYPES_H
| # include <inttypes.h>
| #endif
| #ifdef HAVE_STDINT_H
| # include <stdint.h>
| #endif
| #ifdef HAVE_UNISTD_H
| # include <unistd.h>
| #endif
| #include <io.h>
configure:14064: result: no
configure:14064: checking io.h presence
configure:14064: clang -E  conftest.c
conftest.c:39:10: fatal error: 'io.h' file not found
#include <io.h>
         ^~~~~~
1 error generated.
configure:14064: $? = 1
configure: failed program was:
| /* confdefs.h */
| #define PACKAGE_NAME "ecm"
| #define PACKAGE_TARNAME "ecm"
| #define PACKAGE_VERSION "7.0.4"
| #define PACKAGE_STRING "ecm 7.0.4"
| #define PACKAGE_BUGREPORT "ecm-discuss@lists.gforge.inria.fr"
| #define PACKAGE_URL ""
| #define PACKAGE "ecm"
| #define VERSION "7.0.4"
| #define ECM_VERSION "7.0.4"
| #define STDC_HEADERS 1
| #define HAVE_SYS_TYPES_H 1
| #define HAVE_SYS_STAT_H 1
| #define HAVE_STDLIB_H 1
| #define HAVE_STRING_H 1
| #define HAVE_MEMORY_H 1
| #define HAVE_STRINGS_H 1
| #define HAVE_INTTYPES_H 1
| #define HAVE_STDINT_H 1
| #define HAVE_UNISTD_H 1
| #define HAVE_DLFCN_H 1
| #define LT_OBJDIR ".libs/"
| #define HAVE_UNSIGNED_LONG_LONG_INT 1
| #define HAVE_LONG_LONG_INT 1
| #define TIME_WITH_SYS_TIME 1
| #define PRIuSIZE "zu"
| #define PRIdSIZE "zd"
| #define USE_ASM_REDC 1
| #define HAVE_APRCL 1
| #define HAVE_ALLOCA_H 1
| #define HAVE_ALLOCA 1
| #define STDC_HEADERS 1
| #define HAVE_MATH_H 1
| #define HAVE_LIMITS_H 1
| #define HAVE_STRINGS_H 1
| #define HAVE_SYS_TIME_H 1
| #define HAVE_UNISTD_H 1
| /* end confdefs.h.  */
| #include <io.h>
configure:14064: result: no
configure:14064: checking for io.h
configure:14064: result: no
configure:14064: checking signal.h usability
configure:14064: clang -c -O2 -pedantic -fomit-frame-pointer -m64 -mtune=core2 -march=core2  conftest.c >&5
configure:14064: $? = 0
configure:14064: result: yes
configure:14064: checking signal.h presence
configure:14064: clang -E  conftest.c
configure:14064: $? = 0
configure:14064: result: yes
configure:14064: checking for signal.h
configure:14064: result: yes
configure:14064: checking fcntl.h usability
configure:14064: clang -c -O2 -pedantic -fomit-frame-pointer -m64 -mtune=core2 -march=core2  conftest.c >&5
configure:14064: $? = 0
configure:14064: result: yes
configure:14064: checking fcntl.h presence
configure:14064: clang -E  conftest.c
configure:14064: $? = 0
configure:14064: result: yes
configure:14064: checking for fcntl.h
configure:14064: result: yes
configure:14077: checking for windows.h
configure:14077: clang -c -O2 -pedantic -fomit-frame-pointer -m64 -mtune=core2 -march=core2  conftest.c >&5
conftest.c:46:10: fatal error: 'windows.h' file not found
#include <windows.h>
         ^~~~~~~~~~~
1 error generated.
configure:14077: $? = 1
configure: failed program was:
| /* confdefs.h */
| #define PACKAGE_NAME "ecm"
| #define PACKAGE_TARNAME "ecm"
| #define PACKAGE_VERSION "7.0.4"
| #define PACKAGE_STRING "ecm 7.0.4"
| #define PACKAGE_BUGREPORT "ecm-discuss@lists.gforge.inria.fr"
| #define PACKAGE_URL ""
| #define PACKAGE "ecm"
| #define VERSION "7.0.4"
| #define ECM_VERSION "7.0.4"
| #define STDC_HEADERS 1
| #define HAVE_SYS_TYPES_H 1
| #define HAVE_SYS_STAT_H 1
| #define HAVE_STDLIB_H 1
| #define HAVE_STRING_H 1
| #define HAVE_MEMORY_H 1
| #define HAVE_STRINGS_H 1
| #define HAVE_INTTYPES_H 1
| #define HAVE_STDINT_H 1
| #define HAVE_UNISTD_H 1
| #define HAVE_DLFCN_H 1
| #define LT_OBJDIR ".libs/"
| #define HAVE_UNSIGNED_LONG_LONG_INT 1
| #define HAVE_LONG_LONG_INT 1
| #define TIME_WITH_SYS_TIME 1
| #define PRIuSIZE "zu"
| #define PRIdSIZE "zd"
| #define USE_ASM_REDC 1
| #define HAVE_APRCL 1
| #define HAVE_ALLOCA_H 1
| #define HAVE_ALLOCA 1
| #define STDC_HEADERS 1
| #define HAVE_MATH_H 1
| #define HAVE_LIMITS_H 1
| #define HAVE_STRINGS_H 1
| #define HAVE_SYS_TIME_H 1
| #define HAVE_UNISTD_H 1
| #define HAVE_SIGNAL_H 1
| #define HAVE_FCNTL_H 1
| /* end confdefs.h.  */
| #ifdef HAVE_WINDOWS_H
|      # include <windows.h>
|      #endif
| 
| 
| #include <windows.h>
configure:14077: result: no
configure:14077: checking for psapi.h
configure:14077: clang -c -O2 -pedantic -fomit-frame-pointer -m64 -mtune=core2 -march=core2  conftest.c >&5
conftest.c:46:10: fatal error: 'psapi.h' file not found
#include <psapi.h>
         ^~~~~~~~~
1 error generated.
configure:14077: $? = 1
configure: failed program was:
| /* confdefs.h */
| #define PACKAGE_NAME "ecm"
| #define PACKAGE_TARNAME "ecm"
| #define PACKAGE_VERSION "7.0.4"
| #define PACKAGE_STRING "ecm 7.0.4"
| #define PACKAGE_BUGREPORT "ecm-discuss@lists.gforge.inria.fr"
| #define PACKAGE_URL ""
| #define PACKAGE "ecm"
| #define VERSION "7.0.4"
| #define ECM_VERSION "7.0.4"
| #define STDC_HEADERS 1
| #define HAVE_SYS_TYPES_H 1
| #define HAVE_SYS_STAT_H 1
| #define HAVE_STDLIB_H 1
| #define HAVE_STRING_H 1
| #define HAVE_MEMORY_H 1
| #define HAVE_STRINGS_H 1
| #define HAVE_INTTYPES_H 1
| #define HAVE_STDINT_H 1
| #define HAVE_UNISTD_H 1
| #define HAVE_DLFCN_H 1
| #define LT_OBJDIR ".libs/"
| #define HAVE_UNSIGNED_LONG_LONG_INT 1
| #define HAVE_LONG_LONG_INT 1
| #define TIME_WITH_SYS_TIME 1
| #define PRIuSIZE "zu"
| #define PRIdSIZE "zd"
| #define USE_ASM_REDC 1
| #define HAVE_APRCL 1
| #define HAVE_ALLOCA_H 1
| #define HAVE_ALLOCA 1
| #define STDC_HEADERS 1
| #define HAVE_MATH_H 1
| #define HAVE_LIMITS_H 1
| #define HAVE_STRINGS_H 1
| #define HAVE_SYS_TIME_H 1
| #define HAVE_UNISTD_H 1
| #define HAVE_SIGNAL_H 1
| #define HAVE_FCNTL_H 1
| /* end confdefs.h.  */
| #ifdef HAVE_WINDOWS_H
|      # include <windows.h>
|      #endif
| 
| 
| #include <psapi.h>
configure:14077: result: no
configure:14094: checking ctype.h usability
configure:14094: clang -c -O2 -pedantic -fomit-frame-pointer -m64 -mtune=core2 -march=core2  conftest.c >&5
configure:14094: $? = 0
configure:14094: result: yes
configure:14094: checking ctype.h presence
configure:14094: clang -E  conftest.c
configure:14094: $? = 0
configure:14094: result: yes
configure:14094: checking for ctype.h
configure:14094: result: yes
configure:14094: checking for sys/types.h
configure:14094: result: yes
configure:14094: checking sys/resource.h usability
configure:14094: clang -c -O2 -pedantic -fomit-frame-pointer -m64 -mtune=core2 -march=core2  conftest.c >&5
configure:14094: $? = 0
configure:14094: result: yes
configure:14094: checking sys/resource.h presence
configure:14094: clang -E  conftest.c
configure:14094: $? = 0
configure:14094: result: yes
configure:14094: checking for sys/resource.h
configure:14094: result: yes
configure:14094: checking aio.h usability
configure:14094: clang -c -O2 -pedantic -fomit-frame-pointer -m64 -mtune=core2 -march=core2  conftest.c >&5
configure:14094: $? = 0
configure:14094: result: yes
configure:14094: checking aio.h presence
configure:14094: clang -E  conftest.c
configure:14094: $? = 0
configure:14094: result: yes
configure:14094: checking for aio.h
configure:14094: result: yes
configure:14105: checking for working strtod
configure:14146: clang -o conftest -O2 -pedantic -fomit-frame-pointer -m64 -mtune=core2 -march=core2   conftest.c  >&5
configure:14146: $? = 0
configure:14146: ./conftest
configure:14146: $? = 0
configure:14156: result: yes
configure:14219: checking for pow in -lm
configure:14244: clang -o conftest -O2 -pedantic -fomit-frame-pointer -m64 -mtune=core2 -march=core2   conftest.c -lm   >&5
conftest.c:52:6: warning: incompatible redeclaration of library function 'pow' [-Wincompatible-library-redeclaration]
char pow ();
     ^
conftest.c:52:6: note: 'pow' is a builtin with type 'double (double, double)'
1 warning generated.
configure:14244: $? = 0
configure:14253: result: yes
configure:14266: checking for floor in -lm
configure:14291: clang -o conftest -O2 -pedantic -fomit-frame-pointer -m64 -mtune=core2 -march=core2   conftest.c -lm  -lm  >&5
conftest.c:53:6: warning: incompatible redeclaration of library function 'floor' [-Wincompatible-library-redeclaration]
char floor ();
     ^
conftest.c:53:6: note: 'floor' is a builtin with type 'double (double)'
1 warning generated.
configure:14291: $? = 0
configure:14300: result: yes
configure:14313: checking for sqrt in -lm
configure:14338: clang -o conftest -O2 -pedantic -fomit-frame-pointer -m64 -mtune=core2 -march=core2   conftest.c -lm  -lm -lm  >&5
conftest.c:54:6: warning: incompatible redeclaration of library function 'sqrt' [-Wincompatible-library-redeclaration]
char sqrt ();
     ^
conftest.c:54:6: note: 'sqrt' is a builtin with type 'double (double)'
1 warning generated.
configure:14338: $? = 0
configure:14347: result: yes
configure:14360: checking for fmod in -lm
configure:14385: clang -o conftest -O2 -pedantic -fomit-frame-pointer -m64 -mtune=core2 -march=core2   conftest.c -lm  -lm -lm -lm  >&5
conftest.c:55:6: warning: incompatible redeclaration of library function 'fmod' [-Wincompatible-library-redeclaration]
char fmod ();
     ^
conftest.c:55:6: note: 'fmod' is a builtin with type 'double (double, double)'
1 warning generated.
configure:14385: $? = 0
configure:14394: result: yes
configure:14407: checking for cos in -lm
configure:14432: clang -o conftest -O2 -pedantic -fomit-frame-pointer -m64 -mtune=core2 -march=core2   conftest.c -lm  -lm -lm -lm -lm  >&5
conftest.c:56:6: warning: incompatible redeclaration of library function 'cos' [-Wincompatible-library-redeclaration]
char cos ();
     ^
conftest.c:56:6: note: 'cos' is a builtin with type 'double (double)'
1 warning generated.
configure:14432: $? = 0
configure:14441: result: yes
configure:14452: checking for aio_read in -lrt
configure:14477: clang -o conftest -O2 -pedantic -fomit-frame-pointer -m64 -mtune=core2 -march=core2   conftest.c -lrt  -lm -lm -lm -lm -lm  >&5
ld: library not found for -lrt
clang: error: linker command failed with exit code 1 (use -v to see invocation)
configure:14477: $? = 1
configure: failed program was:
| /* confdefs.h */
| #define PACKAGE_NAME "ecm"
| #define PACKAGE_TARNAME "ecm"
| #define PACKAGE_VERSION "7.0.4"
| #define PACKAGE_STRING "ecm 7.0.4"
| #define PACKAGE_BUGREPORT "ecm-discuss@lists.gforge.inria.fr"
| #define PACKAGE_URL ""
| #define PACKAGE "ecm"
| #define VERSION "7.0.4"
| #define ECM_VERSION "7.0.4"
| #define STDC_HEADERS 1
| #define HAVE_SYS_TYPES_H 1
| #define HAVE_SYS_STAT_H 1
| #define HAVE_STDLIB_H 1
| #define HAVE_STRING_H 1
| #define HAVE_MEMORY_H 1
| #define HAVE_STRINGS_H 1
| #define HAVE_INTTYPES_H 1
| #define HAVE_STDINT_H 1
| #define HAVE_UNISTD_H 1
| #define HAVE_DLFCN_H 1
| #define LT_OBJDIR ".libs/"
| #define HAVE_UNSIGNED_LONG_LONG_INT 1
| #define HAVE_LONG_LONG_INT 1
| #define TIME_WITH_SYS_TIME 1
| #define PRIuSIZE "zu"
| #define PRIdSIZE "zd"
| #define USE_ASM_REDC 1
| #define HAVE_APRCL 1
| #define HAVE_ALLOCA_H 1
| #define HAVE_ALLOCA 1
| #define STDC_HEADERS 1
| #define HAVE_MATH_H 1
| #define HAVE_LIMITS_H 1
| #define HAVE_STRINGS_H 1
| #define HAVE_SYS_TIME_H 1
| #define HAVE_UNISTD_H 1
| #define HAVE_SIGNAL_H 1
| #define HAVE_FCNTL_H 1
| #define HAVE_CTYPE_H 1
| #define HAVE_SYS_TYPES_H 1
| #define HAVE_SYS_RESOURCE_H 1
| #define HAVE_AIO_H 1
| #define HAVE_LIBM 1
| #define HAVE_LIBM 1
| #define HAVE_LIBM 1
| #define HAVE_LIBM 1
| #define HAVE_LIBM 1
| /* end confdefs.h.  */
| 
| /* Override any GCC internal prototype to avoid an error.
|    Use char because int might match the return type of a GCC
|    builtin and then its argument prototype would still apply.  */
| #ifdef __cplusplus
| extern "C"
| #endif
| char aio_read ();
| int
| main ()
| {
| return aio_read ();
|   ;
|   return 0;
| }
configure:14486: result: no
configure:14497: checking for GetProcessMemoryInfo in -lpsapi
configure:14522: clang -o conftest -O2 -pedantic -fomit-frame-pointer -m64 -mtune=core2 -march=core2   conftest.c -lpsapi  -lm -lm -lm -lm -lm  >&5
ld: library not found for -lpsapi
clang: error: linker command failed with exit code 1 (use -v to see invocation)
configure:14522: $? = 1
configure: failed program was:
| /* confdefs.h */
| #define PACKAGE_NAME "ecm"
| #define PACKAGE_TARNAME "ecm"
| #define PACKAGE_VERSION "7.0.4"
| #define PACKAGE_STRING "ecm 7.0.4"
| #define PACKAGE_BUGREPORT "ecm-discuss@lists.gforge.inria.fr"
| #define PACKAGE_URL ""
| #define PACKAGE "ecm"
| #define VERSION "7.0.4"
| #define ECM_VERSION "7.0.4"
| #define STDC_HEADERS 1
| #define HAVE_SYS_TYPES_H 1
| #define HAVE_SYS_STAT_H 1
| #define HAVE_STDLIB_H 1
| #define HAVE_STRING_H 1
| #define HAVE_MEMORY_H 1
| #define HAVE_STRINGS_H 1
| #define HAVE_INTTYPES_H 1
| #define HAVE_STDINT_H 1
| #define HAVE_UNISTD_H 1
| #define HAVE_DLFCN_H 1
| #define LT_OBJDIR ".libs/"
| #define HAVE_UNSIGNED_LONG_LONG_INT 1
| #define HAVE_LONG_LONG_INT 1
| #define TIME_WITH_SYS_TIME 1
| #define PRIuSIZE "zu"
| #define PRIdSIZE "zd"
| #define USE_ASM_REDC 1
| #define HAVE_APRCL 1
| #define HAVE_ALLOCA_H 1
| #define HAVE_ALLOCA 1
| #define STDC_HEADERS 1
| #define HAVE_MATH_H 1
| #define HAVE_LIMITS_H 1
| #define HAVE_STRINGS_H 1
| #define HAVE_SYS_TIME_H 1
| #define HAVE_UNISTD_H 1
| #define HAVE_SIGNAL_H 1
| #define HAVE_FCNTL_H 1
| #define HAVE_CTYPE_H 1
| #define HAVE_SYS_TYPES_H 1
| #define HAVE_SYS_RESOURCE_H 1
| #define HAVE_AIO_H 1
| #define HAVE_LIBM 1
| #define HAVE_LIBM 1
| #define HAVE_LIBM 1
| #define HAVE_LIBM 1
| #define HAVE_LIBM 1
| /* end confdefs.h.  */
| 
| /* Override any GCC internal prototype to avoid an error.
|    Use char because int might match the return type of a GCC
|    builtin and then its argument prototype would still apply.  */
| #ifdef __cplusplus
| extern "C"
| #endif
| char GetProcessMemoryInfo ();
| int
| main ()
| {
| return GetProcessMemoryInfo ();
|   ;
|   return 0;
| }
configure:14531: result: no
configure:14546: checking for isascii
configure:14546: clang -o conftest -O2 -pedantic -fomit-frame-pointer -m64 -mtune=core2 -march=core2   conftest.c -lm -lm -lm -lm -lm  >&5
configure:14546: $? = 0
configure:14546: result: yes
configure:14546: checking for memset
configure:14546: clang -o conftest -O2 -pedantic -fomit-frame-pointer -m64 -mtune=core2 -march=core2   conftest.c -lm -lm -lm -lm -lm  >&5
conftest.c:74:6: warning: incompatible redeclaration of library function 'memset' [-Wincompatible-library-redeclaration]
char memset ();
     ^
conftest.c:74:6: note: 'memset' is a builtin with type 'void *(void *, int, unsigned long)'
1 warning generated.
configure:14546: $? = 0
configure:14546: result: yes
configure:14546: checking for strchr
configure:14546: clang -o conftest -O2 -pedantic -fomit-frame-pointer -m64 -mtune=core2 -march=core2   conftest.c -lm -lm -lm -lm -lm  >&5
conftest.c:75:6: warning: incompatible redeclaration of library function 'strchr' [-Wincompatible-library-redeclaration]
char strchr ();
     ^
conftest.c:75:6: note: 'strchr' is a builtin with type 'char *(const char *, int)'
1 warning generated.
configure:14546: $? = 0
configure:14546: result: yes
configure:14546: checking for strlen
configure:14546: clang -o conftest -O2 -pedantic -fomit-frame-pointer -m64 -mtune=core2 -march=core2   conftest.c -lm -lm -lm -lm -lm  >&5
conftest.c:76:6: warning: incompatible redeclaration of library function 'strlen' [-Wincompatible-library-redeclaration]
char strlen ();
     ^
conftest.c:76:6: note: 'strlen' is a builtin with type 'unsigned long (const char *)'
1 warning generated.
configure:14546: $? = 0
configure:14546: result: yes
configure:14546: checking for strncasecmp
configure:14546: clang -o conftest -O2 -pedantic -fomit-frame-pointer -m64 -mtune=core2 -march=core2   conftest.c -lm -lm -lm -lm -lm  >&5
conftest.c:77:6: warning: incompatible redeclaration of library function 'strncasecmp' [-Wincompatible-library-redeclaration]
char strncasecmp ();
     ^
conftest.c:77:6: note: 'strncasecmp' is a builtin with type 'int (const char *, const char *, unsigned long)'
1 warning generated.
configure:14546: $? = 0
configure:14546: result: yes
configure:14546: checking for strstr
configure:14546: clang -o conftest -O2 -pedantic -fomit-frame-pointer -m64 -mtune=core2 -march=core2   conftest.c -lm -lm -lm -lm -lm  >&5
conftest.c:78:6: warning: incompatible redeclaration of library function 'strstr' [-Wincompatible-library-redeclaration]
char strstr ();
     ^
conftest.c:78:6: note: 'strstr' is a builtin with type 'char *(const char *, const char *)'
1 warning generated.
configure:14546: $? = 0
configure:14546: result: yes
configure:14560: checking for access
configure:14560: clang -o conftest -O2 -pedantic -fomit-frame-pointer -m64 -mtune=core2 -march=core2   conftest.c -lm -lm -lm -lm -lm  >&5
configure:14560: $? = 0
configure:14560: result: yes
configure:14560: checking for unlink
configure:14560: clang -o conftest -O2 -pedantic -fomit-frame-pointer -m64 -mtune=core2 -march=core2   conftest.c -lm -lm -lm -lm -lm  >&5
configure:14560: $? = 0
configure:14560: result: yes
configure:14574: checking for isspace
configure:14574: clang -o conftest -O2 -pedantic -fomit-frame-pointer -m64 -mtune=core2 -march=core2   conftest.c -lm -lm -lm -lm -lm  >&5
conftest.c:81:6: warning: incompatible redeclaration of library function 'isspace' [-Wincompatible-library-redeclaration]
char isspace ();
     ^
conftest.c:81:6: note: 'isspace' is a builtin with type 'int (int)'
1 warning generated.
configure:14574: $? = 0
configure:14574: result: yes
configure:14574: checking for isdigit
configure:14574: clang -o conftest -O2 -pedantic -fomit-frame-pointer -m64 -mtune=core2 -march=core2   conftest.c -lm -lm -lm -lm -lm  >&5
conftest.c:82:6: warning: incompatible redeclaration of library function 'isdigit' [-Wincompatible-library-redeclaration]
char isdigit ();
     ^
conftest.c:82:6: note: 'isdigit' is a builtin with type 'int (int)'
1 warning generated.
configure:14574: $? = 0
configure:14574: result: yes
configure:14574: checking for isxdigit
configure:14574: clang -o conftest -O2 -pedantic -fomit-frame-pointer -m64 -mtune=core2 -march=core2   conftest.c -lm -lm -lm -lm -lm  >&5
conftest.c:83:6: warning: incompatible redeclaration of library function 'isxdigit' [-Wincompatible-library-redeclaration]
char isxdigit ();
     ^
conftest.c:83:6: note: 'isxdigit' is a builtin with type 'int (int)'
1 warning generated.
configure:14574: $? = 0
configure:14574: result: yes
configure:14588: checking for time
configure:14588: clang -o conftest -O2 -pedantic -fomit-frame-pointer -m64 -mtune=core2 -march=core2   conftest.c -lm -lm -lm -lm -lm  >&5
configure:14588: $? = 0
configure:14588: result: yes
configure:14588: checking for ctime
configure:14588: clang -o conftest -O2 -pedantic -fomit-frame-pointer -m64 -mtune=core2 -march=core2   conftest.c -lm -lm -lm -lm -lm  >&5
configure:14588: $? = 0
configure:14588: result: yes
configure:14602: checking for gethostname
configure:14602: clang -o conftest -O2 -pedantic -fomit-frame-pointer -m64 -mtune=core2 -march=core2   conftest.c -lm -lm -lm -lm -lm  >&5
configure:14602: $? = 0
configure:14602: result: yes
configure:14602: checking for gettimeofday
configure:14602: clang -o conftest -O2 -pedantic -fomit-frame-pointer -m64 -mtune=core2 -march=core2   conftest.c -lm -lm -lm -lm -lm  >&5
configure:14602: $? = 0
configure:14602: result: yes
configure:14602: checking for getrusage
configure:14602: clang -o conftest -O2 -pedantic -fomit-frame-pointer -m64 -mtune=core2 -march=core2   conftest.c -lm -lm -lm -lm -lm  >&5
configure:14602: $? = 0
configure:14602: result: yes
configure:14602: checking for memmove
configure:14602: clang -o conftest -O2 -pedantic -fomit-frame-pointer -m64 -mtune=core2 -march=core2   conftest.c -lm -lm -lm -lm -lm  >&5
conftest.c:89:6: warning: incompatible redeclaration of library function 'memmove' [-Wincompatible-library-redeclaration]
char memmove ();
     ^
conftest.c:89:6: note: 'memmove' is a builtin with type 'void *(void *, const void *, unsigned long)'
1 warning generated.
configure:14602: $? = 0
configure:14602: result: yes
configure:14602: checking for signal
configure:14602: clang -o conftest -O2 -pedantic -fomit-frame-pointer -m64 -mtune=core2 -march=core2   conftest.c -lm -lm -lm -lm -lm  >&5
configure:14602: $? = 0
configure:14602: result: yes
configure:14602: checking for fcntl
configure:14602: clang -o conftest -O2 -pedantic -fomit-frame-pointer -m64 -mtune=core2 -march=core2   conftest.c -lm -lm -lm -lm -lm  >&5
configure:14602: $? = 0
configure:14602: result: yes
configure:14602: checking for fileno
configure:14602: clang -o conftest -O2 -pedantic -fomit-frame-pointer -m64 -mtune=core2 -march=core2   conftest.c -lm -lm -lm -lm -lm  >&5
configure:14602: $? = 0
configure:14602: result: yes
configure:14602: checking for setvbuf
configure:14602: clang -o conftest -O2 -pedantic -fomit-frame-pointer -m64 -mtune=core2 -march=core2   conftest.c -lm -lm -lm -lm -lm  >&5
configure:14602: $? = 0
configure:14602: result: yes
configure:14602: checking for fallocate
configure:14602: clang -o conftest -O2 -pedantic -fomit-frame-pointer -m64 -mtune=core2 -march=core2   conftest.c -lm -lm -lm -lm -lm  >&5
Undefined symbols for architecture x86_64:
  "_fallocate", referenced from:
      _main in conftest-07929f.o
ld: symbol(s) not found for architecture x86_64
clang: error: linker command failed with exit code 1 (use -v to see invocation)
configure:14602: $? = 1
configure: failed program was:
| /* confdefs.h */
| #define PACKAGE_NAME "ecm"
| #define PACKAGE_TARNAME "ecm"
| #define PACKAGE_VERSION "7.0.4"
| #define PACKAGE_STRING "ecm 7.0.4"
| #define PACKAGE_BUGREPORT "ecm-discuss@lists.gforge.inria.fr"
| #define PACKAGE_URL ""
| #define PACKAGE "ecm"
| #define VERSION "7.0.4"
| #define ECM_VERSION "7.0.4"
| #define STDC_HEADERS 1
| #define HAVE_SYS_TYPES_H 1
| #define HAVE_SYS_STAT_H 1
| #define HAVE_STDLIB_H 1
| #define HAVE_STRING_H 1
| #define HAVE_MEMORY_H 1
| #define HAVE_STRINGS_H 1
| #define HAVE_INTTYPES_H 1
| #define HAVE_STDINT_H 1
| #define HAVE_UNISTD_H 1
| #define HAVE_DLFCN_H 1
| #define LT_OBJDIR ".libs/"
| #define HAVE_UNSIGNED_LONG_LONG_INT 1
| #define HAVE_LONG_LONG_INT 1
| #define TIME_WITH_SYS_TIME 1
| #define PRIuSIZE "zu"
| #define PRIdSIZE "zd"
| #define USE_ASM_REDC 1
| #define HAVE_APRCL 1
| #define HAVE_ALLOCA_H 1
| #define HAVE_ALLOCA 1
| #define STDC_HEADERS 1
| #define HAVE_MATH_H 1
| #define HAVE_LIMITS_H 1
| #define HAVE_STRINGS_H 1
| #define HAVE_SYS_TIME_H 1
| #define HAVE_UNISTD_H 1
| #define HAVE_SIGNAL_H 1
| #define HAVE_FCNTL_H 1
| #define HAVE_CTYPE_H 1
| #define HAVE_SYS_TYPES_H 1
| #define HAVE_SYS_RESOURCE_H 1
| #define HAVE_AIO_H 1
| #define HAVE_LIBM 1
| #define HAVE_LIBM 1
| #define HAVE_LIBM 1
| #define HAVE_LIBM 1
| #define HAVE_LIBM 1
| #define HAVE_ISASCII 1
| #define HAVE_MEMSET 1
| #define HAVE_STRCHR 1
| #define HAVE_STRLEN 1
| #define HAVE_STRNCASECMP 1
| #define HAVE_STRSTR 1
| #define HAVE_ACCESS 1
| #define HAVE_UNLINK 1
| #define HAVE_ISSPACE 1
| #define HAVE_ISDIGIT 1
| #define HAVE_ISXDIGIT 1
| #define HAVE_TIME 1
| #define HAVE_CTIME 1
| #define HAVE_GETHOSTNAME 1
| #define HAVE_GETTIMEOFDAY 1
| #define HAVE_GETRUSAGE 1
| #define HAVE_MEMMOVE 1
| #define HAVE_SIGNAL 1
| #define HAVE_FCNTL 1
| #define HAVE_FILENO 1
| #define HAVE_SETVBUF 1
| /* end confdefs.h.  */
| /* Define fallocate to an innocuous variant, in case <limits.h> declares fallocate.
|    For example, HP-UX 11i <limits.h> declares gettimeofday.  */
| #define fallocate innocuous_fallocate
| 
| /* System header to define __stub macros and hopefully few prototypes,
|     which can conflict with char fallocate (); below.
|     Prefer <limits.h> to <assert.h> if __STDC__ is defined, since
|     <limits.h> exists even on freestanding compilers.  */
| 
| #ifdef __STDC__
| # include <limits.h>
| #else
| # include <assert.h>
| #endif
| 
| #undef fallocate
| 
| /* Override any GCC internal prototype to avoid an error.
|    Use char because int might match the return type of a GCC
|    builtin and then its argument prototype would still apply.  */
| #ifdef __cplusplus
| extern "C"
| #endif
| char fallocate ();
| /* The GNU C library defines this for functions which it implements
|     to always fail with ENOSYS.  Some functions are actually named
|     something starting with __ and the normal name is an alias.  */
| #if defined __stub_fallocate || defined __stub___fallocate
| choke me
| #endif
| 
| int
| main ()
| {
| return fallocate ();
|   ;
|   return 0;
| }
configure:14602: result: no
configure:14602: checking for aio_read
configure:14602: clang -o conftest -O2 -pedantic -fomit-frame-pointer -m64 -mtune=core2 -march=core2   conftest.c -lm -lm -lm -lm -lm  >&5
configure:14602: $? = 0
configure:14602: result: yes
configure:14602: checking for aio_init
configure:14602: clang -o conftest -O2 -pedantic -fomit-frame-pointer -m64 -mtune=core2 -march=core2   conftest.c -lm -lm -lm -lm -lm  >&5
Undefined symbols for architecture x86_64:
  "_aio_init", referenced from:
      _main in conftest-75ceca.o
ld: symbol(s) not found for architecture x86_64
clang: error: linker command failed with exit code 1 (use -v to see invocation)
configure:14602: $? = 1
configure: failed program was:
| /* confdefs.h */
| #define PACKAGE_NAME "ecm"
| #define PACKAGE_TARNAME "ecm"
| #define PACKAGE_VERSION "7.0.4"
| #define PACKAGE_STRING "ecm 7.0.4"
| #define PACKAGE_BUGREPORT "ecm-discuss@lists.gforge.inria.fr"
| #define PACKAGE_URL ""
| #define PACKAGE "ecm"
| #define VERSION "7.0.4"
| #define ECM_VERSION "7.0.4"
| #define STDC_HEADERS 1
| #define HAVE_SYS_TYPES_H 1
| #define HAVE_SYS_STAT_H 1
| #define HAVE_STDLIB_H 1
| #define HAVE_STRING_H 1
| #define HAVE_MEMORY_H 1
| #define HAVE_STRINGS_H 1
| #define HAVE_INTTYPES_H 1
| #define HAVE_STDINT_H 1
| #define HAVE_UNISTD_H 1
| #define HAVE_DLFCN_H 1
| #define LT_OBJDIR ".libs/"
| #define HAVE_UNSIGNED_LONG_LONG_INT 1
| #define HAVE_LONG_LONG_INT 1
| #define TIME_WITH_SYS_TIME 1
| #define PRIuSIZE "zu"
| #define PRIdSIZE "zd"
| #define USE_ASM_REDC 1
| #define HAVE_APRCL 1
| #define HAVE_ALLOCA_H 1
| #define HAVE_ALLOCA 1
| #define STDC_HEADERS 1
| #define HAVE_MATH_H 1
| #define HAVE_LIMITS_H 1
| #define HAVE_STRINGS_H 1
| #define HAVE_SYS_TIME_H 1
| #define HAVE_UNISTD_H 1
| #define HAVE_SIGNAL_H 1
| #define HAVE_FCNTL_H 1
| #define HAVE_CTYPE_H 1
| #define HAVE_SYS_TYPES_H 1
| #define HAVE_SYS_RESOURCE_H 1
| #define HAVE_AIO_H 1
| #define HAVE_LIBM 1
| #define HAVE_LIBM 1
| #define HAVE_LIBM 1
| #define HAVE_LIBM 1
| #define HAVE_LIBM 1
| #define HAVE_ISASCII 1
| #define HAVE_MEMSET 1
| #define HAVE_STRCHR 1
| #define HAVE_STRLEN 1
| #define HAVE_STRNCASECMP 1
| #define HAVE_STRSTR 1
| #define HAVE_ACCESS 1
| #define HAVE_UNLINK 1
| #define HAVE_ISSPACE 1
| #define HAVE_ISDIGIT 1
| #define HAVE_ISXDIGIT 1
| #define HAVE_TIME 1
| #define HAVE_CTIME 1
| #define HAVE_GETHOSTNAME 1
| #define HAVE_GETTIMEOFDAY 1
| #define HAVE_GETRUSAGE 1
| #define HAVE_MEMMOVE 1
| #define HAVE_SIGNAL 1
| #define HAVE_FCNTL 1
| #define HAVE_FILENO 1
| #define HAVE_SETVBUF 1
| #define HAVE_AIO_READ 1
| /* end confdefs.h.  */
| /* Define aio_init to an innocuous variant, in case <limits.h> declares aio_init.
|    For example, HP-UX 11i <limits.h> declares gettimeofday.  */
| #define aio_init innocuous_aio_init
| 
| /* System header to define __stub macros and hopefully few prototypes,
|     which can conflict with char aio_init (); below.
|     Prefer <limits.h> to <assert.h> if __STDC__ is defined, since
|     <limits.h> exists even on freestanding compilers.  */
| 
| #ifdef __STDC__
| # include <limits.h>
| #else
| # include <assert.h>
| #endif
| 
| #undef aio_init
| 
| /* Override any GCC internal prototype to avoid an error.
|    Use char because int might match the return type of a GCC
|    builtin and then its argument prototype would still apply.  */
| #ifdef __cplusplus
| extern "C"
| #endif
| char aio_init ();
| /* The GNU C library defines this for functions which it implements
|     to always fail with ENOSYS.  Some functions are actually named
|     something starting with __ and the normal name is an alias.  */
| #if defined __stub_aio_init || defined __stub___aio_init
| choke me
| #endif
| 
| int
| main ()
| {
| return aio_init ();
|   ;
|   return 0;
| }
configure:14602: result: no
configure:14615: checking for _fseeki64
configure:14615: clang -o conftest -O2 -pedantic -fomit-frame-pointer -m64 -mtune=core2 -march=core2   conftest.c -lm -lm -lm -lm -lm  >&5
Undefined symbols for architecture x86_64:
  "__fseeki64", referenced from:
      _main in conftest-3797f3.o
ld: symbol(s) not found for architecture x86_64
clang: error: linker command failed with exit code 1 (use -v to see invocation)
configure:14615: $? = 1
configure: failed program was:
| /* confdefs.h */
| #define PACKAGE_NAME "ecm"
| #define PACKAGE_TARNAME "ecm"
| #define PACKAGE_VERSION "7.0.4"
| #define PACKAGE_STRING "ecm 7.0.4"
| #define PACKAGE_BUGREPORT "ecm-discuss@lists.gforge.inria.fr"
| #define PACKAGE_URL ""
| #define PACKAGE "ecm"
| #define VERSION "7.0.4"
| #define ECM_VERSION "7.0.4"
| #define STDC_HEADERS 1
| #define HAVE_SYS_TYPES_H 1
| #define HAVE_SYS_STAT_H 1
| #define HAVE_STDLIB_H 1
| #define HAVE_STRING_H 1
| #define HAVE_MEMORY_H 1
| #define HAVE_STRINGS_H 1
| #define HAVE_INTTYPES_H 1
| #define HAVE_STDINT_H 1
| #define HAVE_UNISTD_H 1
| #define HAVE_DLFCN_H 1
| #define LT_OBJDIR ".libs/"
| #define HAVE_UNSIGNED_LONG_LONG_INT 1
| #define HAVE_LONG_LONG_INT 1
| #define TIME_WITH_SYS_TIME 1
| #define PRIuSIZE "zu"
| #define PRIdSIZE "zd"
| #define USE_ASM_REDC 1
| #define HAVE_APRCL 1
| #define HAVE_ALLOCA_H 1
| #define HAVE_ALLOCA 1
| #define STDC_HEADERS 1
| #define HAVE_MATH_H 1
| #define HAVE_LIMITS_H 1
| #define HAVE_STRINGS_H 1
| #define HAVE_SYS_TIME_H 1
| #define HAVE_UNISTD_H 1
| #define HAVE_SIGNAL_H 1
| #define HAVE_FCNTL_H 1
| #define HAVE_CTYPE_H 1
| #define HAVE_SYS_TYPES_H 1
| #define HAVE_SYS_RESOURCE_H 1
| #define HAVE_AIO_H 1
| #define HAVE_LIBM 1
| #define HAVE_LIBM 1
| #define HAVE_LIBM 1
| #define HAVE_LIBM 1
| #define HAVE_LIBM 1
| #define HAVE_ISASCII 1
| #define HAVE_MEMSET 1
| #define HAVE_STRCHR 1
| #define HAVE_STRLEN 1
| #define HAVE_STRNCASECMP 1
| #define HAVE_STRSTR 1
| #define HAVE_ACCESS 1
| #define HAVE_UNLINK 1
| #define HAVE_ISSPACE 1
| #define HAVE_ISDIGIT 1
| #define HAVE_ISXDIGIT 1
| #define HAVE_TIME 1
| #define HAVE_CTIME 1
| #define HAVE_GETHOSTNAME 1
| #define HAVE_GETTIMEOFDAY 1
| #define HAVE_GETRUSAGE 1
| #define HAVE_MEMMOVE 1
| #define HAVE_SIGNAL 1
| #define HAVE_FCNTL 1
| #define HAVE_FILENO 1
| #define HAVE_SETVBUF 1
| #define HAVE_AIO_READ 1
| /* end confdefs.h.  */
| /* Define _fseeki64 to an innocuous variant, in case <limits.h> declares _fseeki64.
|    For example, HP-UX 11i <limits.h> declares gettimeofday.  */
| #define _fseeki64 innocuous__fseeki64
| 
| /* System header to define __stub macros and hopefully few prototypes,
|     which can conflict with char _fseeki64 (); below.
|     Prefer <limits.h> to <assert.h> if __STDC__ is defined, since
|     <limits.h> exists even on freestanding compilers.  */
| 
| #ifdef __STDC__
| # include <limits.h>
| #else
| # include <assert.h>
| #endif
| 
| #undef _fseeki64
| 
| /* Override any GCC internal prototype to avoid an error.
|    Use char because int might match the return type of a GCC
|    builtin and then its argument prototype would still apply.  */
| #ifdef __cplusplus
| extern "C"
| #endif
| char _fseeki64 ();
| /* The GNU C library defines this for functions which it implements
|     to always fail with ENOSYS.  Some functions are actually named
|     something starting with __ and the normal name is an alias.  */
| #if defined __stub__fseeki64 || defined __stub____fseeki64
| choke me
| #endif
| 
| int
| main ()
| {
| return _fseeki64 ();
|   ;
|   return 0;
| }
configure:14615: result: no
configure:14615: checking for _ftelli64
configure:14615: clang -o conftest -O2 -pedantic -fomit-frame-pointer -m64 -mtune=core2 -march=core2   conftest.c -lm -lm -lm -lm -lm  >&5
Undefined symbols for architecture x86_64:
  "__ftelli64", referenced from:
      _main in conftest-3e78a6.o
ld: symbol(s) not found for architecture x86_64
clang: error: linker command failed with exit code 1 (use -v to see invocation)
configure:14615: $? = 1
configure: failed program was:
| /* confdefs.h */
| #define PACKAGE_NAME "ecm"
| #define PACKAGE_TARNAME "ecm"
| #define PACKAGE_VERSION "7.0.4"
| #define PACKAGE_STRING "ecm 7.0.4"
| #define PACKAGE_BUGREPORT "ecm-discuss@lists.gforge.inria.fr"
| #define PACKAGE_URL ""
| #define PACKAGE "ecm"
| #define VERSION "7.0.4"
| #define ECM_VERSION "7.0.4"
| #define STDC_HEADERS 1
| #define HAVE_SYS_TYPES_H 1
| #define HAVE_SYS_STAT_H 1
| #define HAVE_STDLIB_H 1
| #define HAVE_STRING_H 1
| #define HAVE_MEMORY_H 1
| #define HAVE_STRINGS_H 1
| #define HAVE_INTTYPES_H 1
| #define HAVE_STDINT_H 1
| #define HAVE_UNISTD_H 1
| #define HAVE_DLFCN_H 1
| #define LT_OBJDIR ".libs/"
| #define HAVE_UNSIGNED_LONG_LONG_INT 1
| #define HAVE_LONG_LONG_INT 1
| #define TIME_WITH_SYS_TIME 1
| #define PRIuSIZE "zu"
| #define PRIdSIZE "zd"
| #define USE_ASM_REDC 1
| #define HAVE_APRCL 1
| #define HAVE_ALLOCA_H 1
| #define HAVE_ALLOCA 1
| #define STDC_HEADERS 1
| #define HAVE_MATH_H 1
| #define HAVE_LIMITS_H 1
| #define HAVE_STRINGS_H 1
| #define HAVE_SYS_TIME_H 1
| #define HAVE_UNISTD_H 1
| #define HAVE_SIGNAL_H 1
| #define HAVE_FCNTL_H 1
| #define HAVE_CTYPE_H 1
| #define HAVE_SYS_TYPES_H 1
| #define HAVE_SYS_RESOURCE_H 1
| #define HAVE_AIO_H 1
| #define HAVE_LIBM 1
| #define HAVE_LIBM 1
| #define HAVE_LIBM 1
| #define HAVE_LIBM 1
| #define HAVE_LIBM 1
| #define HAVE_ISASCII 1
| #define HAVE_MEMSET 1
| #define HAVE_STRCHR 1
| #define HAVE_STRLEN 1
| #define HAVE_STRNCASECMP 1
| #define HAVE_STRSTR 1
| #define HAVE_ACCESS 1
| #define HAVE_UNLINK 1
| #define HAVE_ISSPACE 1
| #define HAVE_ISDIGIT 1
| #define HAVE_ISXDIGIT 1
| #define HAVE_TIME 1
| #define HAVE_CTIME 1
| #define HAVE_GETHOSTNAME 1
| #define HAVE_GETTIMEOFDAY 1
| #define HAVE_GETRUSAGE 1
| #define HAVE_MEMMOVE 1
| #define HAVE_SIGNAL 1
| #define HAVE_FCNTL 1
| #define HAVE_FILENO 1
| #define HAVE_SETVBUF 1
| #define HAVE_AIO_READ 1
| /* end confdefs.h.  */
| /* Define _ftelli64 to an innocuous variant, in case <limits.h> declares _ftelli64.
|    For example, HP-UX 11i <limits.h> declares gettimeofday.  */
| #define _ftelli64 innocuous__ftelli64
| 
| /* System header to define __stub macros and hopefully few prototypes,
|     which can conflict with char _ftelli64 (); below.
|     Prefer <limits.h> to <assert.h> if __STDC__ is defined, since
|     <limits.h> exists even on freestanding compilers.  */
| 
| #ifdef __STDC__
| # include <limits.h>
| #else
| # include <assert.h>
| #endif
| 
| #undef _ftelli64
| 
| /* Override any GCC internal prototype to avoid an error.
|    Use char because int might match the return type of a GCC
|    builtin and then its argument prototype would still apply.  */
| #ifdef __cplusplus
| extern "C"
| #endif
| char _ftelli64 ();
| /* The GNU C library defines this for functions which it implements
|     to always fail with ENOSYS.  Some functions are actually named
|     something starting with __ and the normal name is an alias.  */
| #if defined __stub__ftelli64 || defined __stub____ftelli64
| choke me
| #endif
| 
| int
| main ()
| {
| return _ftelli64 ();
|   ;
|   return 0;
| }
configure:14615: result: no
configure:14626: checking for malloc_usable_size
configure:14626: clang -o conftest -O2 -pedantic -fomit-frame-pointer -m64 -mtune=core2 -march=core2   conftest.c -lm -lm -lm -lm -lm  >&5
Undefined symbols for architecture x86_64:
  "_malloc_usable_size", referenced from:
      _main in conftest-c8cb58.o
ld: symbol(s) not found for architecture x86_64
clang: error: linker command failed with exit code 1 (use -v to see invocation)
configure:14626: $? = 1
configure: failed program was:
| /* confdefs.h */
| #define PACKAGE_NAME "ecm"
| #define PACKAGE_TARNAME "ecm"
| #define PACKAGE_VERSION "7.0.4"
| #define PACKAGE_STRING "ecm 7.0.4"
| #define PACKAGE_BUGREPORT "ecm-discuss@lists.gforge.inria.fr"
| #define PACKAGE_URL ""
| #define PACKAGE "ecm"
| #define VERSION "7.0.4"
| #define ECM_VERSION "7.0.4"
| #define STDC_HEADERS 1
| #define HAVE_SYS_TYPES_H 1
| #define HAVE_SYS_STAT_H 1
| #define HAVE_STDLIB_H 1
| #define HAVE_STRING_H 1
| #define HAVE_MEMORY_H 1
| #define HAVE_STRINGS_H 1
| #define HAVE_INTTYPES_H 1
| #define HAVE_STDINT_H 1
| #define HAVE_UNISTD_H 1
| #define HAVE_DLFCN_H 1
| #define LT_OBJDIR ".libs/"
| #define HAVE_UNSIGNED_LONG_LONG_INT 1
| #define HAVE_LONG_LONG_INT 1
| #define TIME_WITH_SYS_TIME 1
| #define PRIuSIZE "zu"
| #define PRIdSIZE "zd"
| #define USE_ASM_REDC 1
| #define HAVE_APRCL 1
| #define HAVE_ALLOCA_H 1
| #define HAVE_ALLOCA 1
| #define STDC_HEADERS 1
| #define HAVE_MATH_H 1
| #define HAVE_LIMITS_H 1
| #define HAVE_STRINGS_H 1
| #define HAVE_SYS_TIME_H 1
| #define HAVE_UNISTD_H 1
| #define HAVE_SIGNAL_H 1
| #define HAVE_FCNTL_H 1
| #define HAVE_CTYPE_H 1
| #define HAVE_SYS_TYPES_H 1
| #define HAVE_SYS_RESOURCE_H 1
| #define HAVE_AIO_H 1
| #define HAVE_LIBM 1
| #define HAVE_LIBM 1
| #define HAVE_LIBM 1
| #define HAVE_LIBM 1
| #define HAVE_LIBM 1
| #define HAVE_ISASCII 1
| #define HAVE_MEMSET 1
| #define HAVE_STRCHR 1
| #define HAVE_STRLEN 1
| #define HAVE_STRNCASECMP 1
| #define HAVE_STRSTR 1
| #define HAVE_ACCESS 1
| #define HAVE_UNLINK 1
| #define HAVE_ISSPACE 1
| #define HAVE_ISDIGIT 1
| #define HAVE_ISXDIGIT 1
| #define HAVE_TIME 1
| #define HAVE_CTIME 1
| #define HAVE_GETHOSTNAME 1
| #define HAVE_GETTIMEOFDAY 1
| #define HAVE_GETRUSAGE 1
| #define HAVE_MEMMOVE 1
| #define HAVE_SIGNAL 1
| #define HAVE_FCNTL 1
| #define HAVE_FILENO 1
| #define HAVE_SETVBUF 1
| #define HAVE_AIO_READ 1
| /* end confdefs.h.  */
| /* Define malloc_usable_size to an innocuous variant, in case <limits.h> declares malloc_usable_size.
|    For example, HP-UX 11i <limits.h> declares gettimeofday.  */
| #define malloc_usable_size innocuous_malloc_usable_size
| 
| /* System header to define __stub macros and hopefully few prototypes,
|     which can conflict with char malloc_usable_size (); below.
|     Prefer <limits.h> to <assert.h> if __STDC__ is defined, since
|     <limits.h> exists even on freestanding compilers.  */
| 
| #ifdef __STDC__
| # include <limits.h>
| #else
| # include <assert.h>
| #endif
| 
| #undef malloc_usable_size
| 
| /* Override any GCC internal prototype to avoid an error.
|    Use char because int might match the return type of a GCC
|    builtin and then its argument prototype would still apply.  */
| #ifdef __cplusplus
| extern "C"
| #endif
| char malloc_usable_size ();
| /* The GNU C library defines this for functions which it implements
|     to always fail with ENOSYS.  Some functions are actually named
|     something starting with __ and the normal name is an alias.  */
| #if defined __stub_malloc_usable_size || defined __stub___malloc_usable_size
| choke me
| #endif
| 
| int
| main ()
| {
| return malloc_usable_size ();
|   ;
|   return 0;
| }
configure:14626: result: no
configure:14665: checking gmp.h usability
configure:14665: clang -c -W -Wall -Wundef -O2 -pedantic -fomit-frame-pointer -m64 -mtune=core2 -march=core2  conftest.c >&5
configure:14665: $? = 0
configure:14665: result: yes
configure:14665: checking gmp.h presence
configure:14665: clang -E  conftest.c
configure:14665: $? = 0
configure:14665: result: yes
configure:14665: checking for gmp.h
configure:14665: result: yes
configure:14678: checking for recent GMP
configure:14690: clang -E  conftest.c
configure:14690: $? = 0
configure:14691: result: yes
configure:14701: checking if GMP is MPIR
configure:14713: clang -E  conftest.c
conftest.c:76:2: error: 
#error
 ^
conftest.c:77:2: error: invalid preprocessing directive
#IRIXdoesnotexitaterrordirective
 ^
2 errors generated.
configure:14713: $? = 1
configure: failed program was:
| /* confdefs.h */
| #define PACKAGE_NAME "ecm"
| #define PACKAGE_TARNAME "ecm"
| #define PACKAGE_VERSION "7.0.4"
| #define PACKAGE_STRING "ecm 7.0.4"
| #define PACKAGE_BUGREPORT "ecm-discuss@lists.gforge.inria.fr"
| #define PACKAGE_URL ""
| #define PACKAGE "ecm"
| #define VERSION "7.0.4"
| #define ECM_VERSION "7.0.4"
| #define STDC_HEADERS 1
| #define HAVE_SYS_TYPES_H 1
| #define HAVE_SYS_STAT_H 1
| #define HAVE_STDLIB_H 1
| #define HAVE_STRING_H 1
| #define HAVE_MEMORY_H 1
| #define HAVE_STRINGS_H 1
| #define HAVE_INTTYPES_H 1
| #define HAVE_STDINT_H 1
| #define HAVE_UNISTD_H 1
| #define HAVE_DLFCN_H 1
| #define LT_OBJDIR ".libs/"
| #define HAVE_UNSIGNED_LONG_LONG_INT 1
| #define HAVE_LONG_LONG_INT 1
| #define TIME_WITH_SYS_TIME 1
| #define PRIuSIZE "zu"
| #define PRIdSIZE "zd"
| #define USE_ASM_REDC 1
| #define HAVE_APRCL 1
| #define HAVE_ALLOCA_H 1
| #define HAVE_ALLOCA 1
| #define STDC_HEADERS 1
| #define HAVE_MATH_H 1
| #define HAVE_LIMITS_H 1
| #define HAVE_STRINGS_H 1
| #define HAVE_SYS_TIME_H 1
| #define HAVE_UNISTD_H 1
| #define HAVE_SIGNAL_H 1
| #define HAVE_FCNTL_H 1
| #define HAVE_CTYPE_H 1
| #define HAVE_SYS_TYPES_H 1
| #define HAVE_SYS_RESOURCE_H 1
| #define HAVE_AIO_H 1
| #define HAVE_LIBM 1
| #define HAVE_LIBM 1
| #define HAVE_LIBM 1
| #define HAVE_LIBM 1
| #define HAVE_LIBM 1
| #define HAVE_ISASCII 1
| #define HAVE_MEMSET 1
| #define HAVE_STRCHR 1
| #define HAVE_STRLEN 1
| #define HAVE_STRNCASECMP 1
| #define HAVE_STRSTR 1
| #define HAVE_ACCESS 1
| #define HAVE_UNLINK 1
| #define HAVE_ISSPACE 1
| #define HAVE_ISDIGIT 1
| #define HAVE_ISXDIGIT 1
| #define HAVE_TIME 1
| #define HAVE_CTIME 1
| #define HAVE_GETHOSTNAME 1
| #define HAVE_GETTIMEOFDAY 1
| #define HAVE_GETRUSAGE 1
| #define HAVE_MEMMOVE 1
| #define HAVE_SIGNAL 1
| #define HAVE_FCNTL 1
| #define HAVE_FILENO 1
| #define HAVE_SETVBUF 1
| #define HAVE_AIO_READ 1
| #define HAVE_GMP_H 1
| /* end confdefs.h.  */
| 
| #include <gmp.h>
| #ifndef __MPIR_VERSION
| #error
| #IRIXdoesnotexitaterrordirective
| #endif
| 
configure:14720: result: no
configure:14746: checking whether we can link against GMP
configure:14769: clang -o conftest -W -Wall -Wundef -O2 -pedantic -fomit-frame-pointer -m64 -mtune=core2 -march=core2    conftest.c -lm -lm -lm -lm -lm  -lgmp >&5
configure:14769: $? = 0
configure:14770: result: yes
configure:14781: checking if gmp.h version and libgmp version are the same
configure:14813: clang -o conftest -W -Wall -Wundef -O2 -pedantic -fomit-frame-pointer -m64 -mtune=core2 -march=core2    conftest.c -lm -lm -lm -lm -lm  -lgmp >&5
configure:14813: $? = 0
configure:14813: ./conftest
configure:14813: $? = 0
configure:14814: result: yes
configure:14829: checking for __gmpn_add_nc
configure:14829: clang -o conftest -W -Wall -Wundef -O2 -pedantic -fomit-frame-pointer -m64 -mtune=core2 -march=core2    conftest.c -lm -lm -lm -lm -lm  -lgmp >&5
configure:14829: $? = 0
configure:14829: result: yes
configure:14829: checking for __gmpn_mod_34lsub1
configure:14829: clang -o conftest -W -Wall -Wundef -O2 -pedantic -fomit-frame-pointer -m64 -mtune=core2 -march=core2    conftest.c -lm -lm -lm -lm -lm  -lgmp >&5
configure:14829: $? = 0
configure:14829: result: yes
configure:14829: checking for __gmpn_redc_1
configure:14829: clang -o conftest -W -Wall -Wundef -O2 -pedantic -fomit-frame-pointer -m64 -mtune=core2 -march=core2    conftest.c -lm -lm -lm -lm -lm  -lgmp >&5
configure:14829: $? = 0
configure:14829: result: yes
configure:14829: checking for __gmpn_redc_2
configure:14829: clang -o conftest -W -Wall -Wundef -O2 -pedantic -fomit-frame-pointer -m64 -mtune=core2 -march=core2    conftest.c -lm -lm -lm -lm -lm  -lgmp >&5
configure:14829: $? = 0
configure:14829: result: yes
configure:14841: checking for __gmpn_mullo_n
configure:14841: clang -o conftest -W -Wall -Wundef -O2 -pedantic -fomit-frame-pointer -m64 -mtune=core2 -march=core2    conftest.c -lm -lm -lm -lm -lm  -lgmp >&5
configure:14841: $? = 0
configure:14841: result: yes
configure:14841: checking for __gmpn_redc_n
configure:14841: clang -o conftest -W -Wall -Wundef -O2 -pedantic -fomit-frame-pointer -m64 -mtune=core2 -march=core2    conftest.c -lm -lm -lm -lm -lm  -lgmp >&5
configure:14841: $? = 0
configure:14841: result: yes
configure:14841: checking for __gmpn_preinv_mod_1
configure:14841: clang -o conftest -W -Wall -Wundef -O2 -pedantic -fomit-frame-pointer -m64 -mtune=core2 -march=core2    conftest.c -lm -lm -lm -lm -lm  -lgmp >&5
configure:14841: $? = 0
configure:14841: result: yes
configure:14841: checking for __gmpn_mod_1s_4p_cps
configure:14841: clang -o conftest -W -Wall -Wundef -O2 -pedantic -fomit-frame-pointer -m64 -mtune=core2 -march=core2    conftest.c -lm -lm -lm -lm -lm  -lgmp >&5
configure:14841: $? = 0
configure:14841: result: yes
configure:14841: checking for __gmpn_mod_1s_4p
configure:14841: clang -o conftest -W -Wall -Wundef -O2 -pedantic -fomit-frame-pointer -m64 -mtune=core2 -march=core2    conftest.c -lm -lm -lm -lm -lm  -lgmp >&5
configure:14841: $? = 0
configure:14841: result: yes
configure:14853: checking for __gmpn_mul_fft
configure:14853: clang -o conftest -W -Wall -Wundef -O2 -pedantic -fomit-frame-pointer -m64 -mtune=core2 -march=core2    conftest.c -lm -lm -lm -lm -lm  -lgmp >&5
configure:14853: $? = 0
configure:14853: result: yes
configure:14853: checking for __gmpn_fft_next_size
configure:14853: clang -o conftest -W -Wall -Wundef -O2 -pedantic -fomit-frame-pointer -m64 -mtune=core2 -march=core2    conftest.c -lm -lm -lm -lm -lm  -lgmp >&5
configure:14853: $? = 0
configure:14853: result: yes
configure:14853: checking for __gmpn_fft_best_k
configure:14853: clang -o conftest -W -Wall -Wundef -O2 -pedantic -fomit-frame-pointer -m64 -mtune=core2 -march=core2    conftest.c -lm -lm -lm -lm -lm  -lgmp >&5
configure:14853: $? = 0
configure:14853: result: yes
configure:14865: checking for __gmpn_mulmod_bnm1
configure:14865: clang -o conftest -W -Wall -Wundef -O2 -pedantic -fomit-frame-pointer -m64 -mtune=core2 -march=core2    conftest.c -lm -lm -lm -lm -lm  -lgmp >&5
configure:14865: $? = 0
configure:14865: result: yes
configure:14865: checking for __gmpn_mulmod_bnm1_next_size
configure:14865: clang -o conftest -W -Wall -Wundef -O2 -pedantic -fomit-frame-pointer -m64 -mtune=core2 -march=core2    conftest.c -lm -lm -lm -lm -lm  -lgmp >&5
configure:14865: $? = 0
configure:14865: result: yes
configure:14943: checking whether assembler supports --noexecstack option
configure:14953: clang -W -Wall -Wundef -O2 -pedantic -fomit-frame-pointer -m64 -mtune=core2 -march=core2 
                     -S -o conftest.s conftest.c >/dev/null
configure:14956: $? = 0
configure:14973: result: no
configure:14982: checking whether compiler knows __attribute__((hot))
configure:14998: clang -c -W -Wall -Wundef -O2 -pedantic -fomit-frame-pointer -m64 -mtune=core2 -march=core2  conftest.c >&5
configure:14998: $? = 0
configure:15002: result: yes
configure:15017: checking for xsltproc
configure:15033: found /usr/bin/xsltproc
configure:15044: result: xsltproc
configure:15053: checking for docbook.xsl
configure:15071: result: no
configure:15146: checking whether self tests are run under valgrind
configure:15148: result: no
configure:15961: checking that generated files are newer than configure
configure:15967: result: done
configure:16010: creating ./config.status

## ---------------------- ##
## Running config.status. ##
## ---------------------- ##

This file was extended by ecm config.status 7.0.4, which was
generated by GNU Autoconf 2.69.  Invocation command line was

  CONFIG_FILES    = 
  CONFIG_HEADERS  = 
  CONFIG_LINKS    = 
  CONFIG_COMMANDS = 
  $ ./config.status 

on KillerBee

config.status:1208: creating Makefile
config.status:1208: creating athlon/Makefile
config.status:1208: creating pentium4/Makefile
config.status:1208: creating x86_64/Makefile
config.status:1208: creating powerpc64/Makefile
config.status:1208: creating aprtcle/Makefile
config.status:1208: creating build.vc12/Makefile
config.status:1208: creating build.vc12/assembler/Makefile
config.status:1208: creating build.vc12/ecm/Makefile
config.status:1208: creating build.vc12/ecm_gpu/Makefile
config.status:1208: creating build.vc12/libecm/Makefile
config.status:1208: creating build.vc12/libecm_gpu/Makefile
config.status:1208: creating build.vc12/tune/Makefile
config.status:1208: creating build.vc12/bench_mulredc/Makefile
config.status:1208: creating config.h
config.status:1208: creating ecm.h
config.status:1389: ecm.h is unchanged
config.status:1437: executing depfiles commands
config.status:1437: executing libtool commands
configure:18168: Configuration:
configure:18170: Build for host type x86_64-apple-darwin17.4.0
configure:18173: CC=clang, CFLAGS=-W -Wall -Wundef -O2 -pedantic -fomit-frame-pointer -m64 -mtune=core2 -march=core2
configure:18175: Linking GMP with -lgmp
configure:18179: Using asm redc code from directory x86_64
configure:18190: Not using SSE2 instructions in NTT code
configure:18195: Using APRCL to prove factors prime/composite
configure:18211: Assertions disabled
configure:18219: Shell command execution disabled
configure:18227: OpenMP disabled
configure:18235: Memory debugging disabled

## ---------------- ##
## Cache variables. ##
## ---------------- ##

ac_cv_build=x86_64-apple-darwin17.4.0
ac_cv_c_compiler_gnu=yes
ac_cv_c_const=yes
ac_cv_c_inline=inline
ac_cv_c_int64_t=yes
ac_cv_c_uint64_t=yes
ac_cv_env_CCASFLAGS_set=
ac_cv_env_CCASFLAGS_value=
ac_cv_env_CCAS_set=
ac_cv_env_CCAS_value=
ac_cv_env_CC_set=
ac_cv_env_CC_value=
ac_cv_env_CFLAGS_set=
ac_cv_env_CFLAGS_value=
ac_cv_env_CPPFLAGS_set=
ac_cv_env_CPPFLAGS_value=
ac_cv_env_CPP_set=
ac_cv_env_CPP_value=
ac_cv_env_LDFLAGS_set=
ac_cv_env_LDFLAGS_value=
ac_cv_env_LIBS_set=
ac_cv_env_LIBS_value=
ac_cv_env_LT_SYS_LIBRARY_PATH_set=
ac_cv_env_LT_SYS_LIBRARY_PATH_value=
ac_cv_env_M4_set=
ac_cv_env_M4_value=
ac_cv_env_build_alias_set=
ac_cv_env_build_alias_value=
ac_cv_env_host_alias_set=
ac_cv_env_host_alias_value=
ac_cv_env_target_alias_set=
ac_cv_env_target_alias_value=
ac_cv_func___gmpn_add_nc=yes
ac_cv_func___gmpn_fft_best_k=yes
ac_cv_func___gmpn_fft_next_size=yes
ac_cv_func___gmpn_mod_1s_4p=yes
ac_cv_func___gmpn_mod_1s_4p_cps=yes
ac_cv_func___gmpn_mod_34lsub1=yes
ac_cv_func___gmpn_mul_fft=yes
ac_cv_func___gmpn_mullo_n=yes
ac_cv_func___gmpn_mulmod_bnm1=yes
ac_cv_func___gmpn_mulmod_bnm1_next_size=yes
ac_cv_func___gmpn_preinv_mod_1=yes
ac_cv_func___gmpn_redc_1=yes
ac_cv_func___gmpn_redc_2=yes
ac_cv_func___gmpn_redc_n=yes
ac_cv_func__fseeki64=no
ac_cv_func__ftelli64=no
ac_cv_func_access=yes
ac_cv_func_aio_init=no
ac_cv_func_aio_read=yes
ac_cv_func_alloca_works=yes
ac_cv_func_ctime=yes
ac_cv_func_fallocate=no
ac_cv_func_fcntl=yes
ac_cv_func_fileno=yes
ac_cv_func_gethostname=yes
ac_cv_func_getrusage=yes
ac_cv_func_gettimeofday=yes
ac_cv_func_isascii=yes
ac_cv_func_isdigit=yes
ac_cv_func_isspace=yes
ac_cv_func_isxdigit=yes
ac_cv_func_malloc_usable_size=no
ac_cv_func_memmove=yes
ac_cv_func_memset=yes
ac_cv_func_setvbuf=yes
ac_cv_func_signal=yes
ac_cv_func_strchr=yes
ac_cv_func_strlen=yes
ac_cv_func_strncasecmp=yes
ac_cv_func_strstr=yes
ac_cv_func_strtod=yes
ac_cv_func_time=yes
ac_cv_func_unlink=yes
ac_cv_header_aio_h=yes
ac_cv_header_ctype_h=yes
ac_cv_header_dlfcn_h=yes
ac_cv_header_fcntl_h=yes
ac_cv_header_gmp_h=yes
ac_cv_header_inttypes_h=yes
ac_cv_header_io_h=no
ac_cv_header_limits_h=yes
ac_cv_header_malloc_h=no
ac_cv_header_math_h=yes
ac_cv_header_memory_h=yes
ac_cv_header_psapi_h=no
ac_cv_header_signal_h=yes
ac_cv_header_stdc=yes
ac_cv_header_stdint_h=yes
ac_cv_header_stdlib_h=yes
ac_cv_header_string_h=yes
ac_cv_header_strings_h=yes
ac_cv_header_sys_resource_h=yes
ac_cv_header_sys_stat_h=yes
ac_cv_header_sys_time_h=yes
ac_cv_header_sys_types_h=yes
ac_cv_header_time=yes
ac_cv_header_unistd_h=yes
ac_cv_header_windows_h=no
ac_cv_host=x86_64-apple-darwin17.4.0
ac_cv_lib_m_cos=yes
ac_cv_lib_m_floor=yes
ac_cv_lib_m_fmod=yes
ac_cv_lib_m_pow=yes
ac_cv_lib_m_sqrt=yes
ac_cv_lib_psapi_GetProcessMemoryInfo=no
ac_cv_lib_rt_aio_read=no
ac_cv_objext=o
ac_cv_path_EGREP='/usr/bin/grep -E'
ac_cv_path_FGREP='/usr/bin/grep -F'
ac_cv_path_GREP=/usr/bin/grep
ac_cv_path_SED=/usr/bin/sed
ac_cv_path_install='/usr/bin/install -c'
ac_cv_path_lt_DD=/bin/dd
ac_cv_prog_AWK=awk
ac_cv_prog_CPP='clang -E'
ac_cv_prog_XSLTPROC=xsltproc
ac_cv_prog_ac_ct_AR=ar
ac_cv_prog_ac_ct_CC=clang
ac_cv_prog_ac_ct_DSYMUTIL=dsymutil
ac_cv_prog_ac_ct_LIPO=lipo
ac_cv_prog_ac_ct_NMEDIT=nmedit
ac_cv_prog_ac_ct_OBJDUMP=objdump
ac_cv_prog_ac_ct_OTOOL=otool
ac_cv_prog_ac_ct_RANLIB=ranlib
ac_cv_prog_ac_ct_STRIP=strip
ac_cv_prog_cc_c89=
ac_cv_prog_cc_g=yes
ac_cv_prog_make_make_set=yes
ac_cv_type_long_long_int=yes
ac_cv_type_size_t=yes
ac_cv_type_unsigned_long_long_int=yes
ac_cv_working_alloca_h=yes
am_cv_CCAS_dependencies_compiler_type=gcc3
am_cv_CC_dependencies_compiler_type=gcc3
am_cv_make_support_nested_variables=yes
am_cv_prog_cc_c_o=yes
cl_cv_as_noexecstack=no
gmp_cv_asm_globl=.globl
gmp_cv_asm_label_suffix=:
gmp_cv_asm_text=.text
gmp_cv_asm_type=
gmp_cv_asm_underscore=yes
gmp_cv_prog_m4=m4
lt_cv_apple_cc_single_mod=yes
lt_cv_ar_at_file=no
lt_cv_deplibs_check_method=pass_all
lt_cv_file_magic_cmd='$MAGIC_CMD'
lt_cv_file_magic_test_file=
lt_cv_ld_exported_symbols_list=yes
lt_cv_ld_force_load=yes
lt_cv_ld_reload_flag=-r
lt_cv_nm_interface='BSD nm'
lt_cv_objdir=.libs
lt_cv_path_LD=/Applications/Xcode.app/Contents/Developer/Toolchains/XcodeDefault.xctoolchain/usr/bin/ld
lt_cv_path_NM='/usr/bin/nm -B'
lt_cv_path_mainfest_tool=no
lt_cv_prog_compiler_c_o=yes
lt_cv_prog_compiler_pic='-fno-common -DPIC'
lt_cv_prog_compiler_pic_works=yes
lt_cv_prog_compiler_rtti_exceptions=yes
lt_cv_prog_compiler_static_works=no
lt_cv_prog_gnu_ld=no
lt_cv_sharedlib_from_linklib_cmd='printf %s\n'
lt_cv_sys_global_symbol_pipe='sed -n -e '\''s/^.*[	 ]\([BCDEGRST][BCDEGRST]*\)[	 ][	 ]*_\([_A-Za-z][_A-Za-z0-9]*\)$/\1 _\2 \2/p'\'' | sed '\''/ __gnu_lto/d'\'''
lt_cv_sys_global_symbol_to_c_name_address='sed -n -e '\''s/^: \(.*\) .*$/  {"\1", (void *) 0},/p'\'' -e '\''s/^[BCDEGRST][BCDEGRST]* .* \(.*\)$/  {"\1", (void *) \&\1},/p'\'''
lt_cv_sys_global_symbol_to_c_name_address_lib_prefix='sed -n -e '\''s/^: \(.*\) .*$/  {"\1", (void *) 0},/p'\'' -e '\''s/^[BCDEGRST][BCDEGRST]* .* \(lib.*\)$/  {"\1", (void *) \&\1},/p'\'' -e '\''s/^[BCDEGRST][BCDEGRST]* .* \(.*\)$/  {"lib\1", (void *) \&\1},/p'\'''
lt_cv_sys_global_symbol_to_cdecl='sed -n -e '\''s/^T .* \(.*\)$/extern int \1();/p'\'' -e '\''s/^[BCDEGRST][BCDEGRST]* .* \(.*\)$/extern char \1;/p'\'''
lt_cv_sys_global_symbol_to_import=
lt_cv_sys_max_cmd_len=196608
lt_cv_to_host_file_cmd=func_convert_file_noop
lt_cv_to_tool_file_cmd=func_convert_file_noop
lt_cv_truncate_bin='/bin/dd bs=4096 count=1'

## ----------------- ##
## Output variables. ##
## ----------------- ##

  DEFS += -DPARAMS00
  DEFS += -DPARAMS11
  DEFS += -DPARAMS22
  DEFS += -DPARAMS33
# These options are used for coverage tests
'
ACLOCAL='${SHELL} /Users/ernesto/desktop/factor/ecm-7.0.4/missing aclocal-1.15'
ALLOCA=''
AMDEPBACKSLASH='\'
AMDEP_FALSE='#'
AMDEP_TRUE=''
AMTAR='$${TAR-tar}'
AM_BACKSLASH='\'
AM_DEFAULT_V='$(AM_DEFAULT_VERBOSITY)'
AM_DEFAULT_VERBOSITY='1'
AM_V='$(V)'
AR='ar'
ASMPATH='x86_64'
AUTOCONF='${SHELL} /Users/ernesto/desktop/factor/ecm-7.0.4/missing autoconf'
AUTOHEADER='${SHELL} /Users/ernesto/desktop/factor/ecm-7.0.4/missing autoheader'
AUTOMAKE='${SHELL} /Users/ernesto/desktop/factor/ecm-7.0.4/missing automake-1.15'
AWK='awk'
CC='clang'
CCAS='clang'
CCASDEPMODE='depmode=gcc3'
CCASFLAGS='-O2 -pedantic -fomit-frame-pointer -m64 -mtune=core2 -march=core2'
CCDEPMODE='depmode=gcc3'
CFLAGS='-W -Wall -Wundef -O2 -pedantic -fomit-frame-pointer -m64 -mtune=core2 -march=core2'
COV_FRAG='
CPP='clang -E'
CPPFLAGS=''
CUDALDFLAGS=''
CUDALIB=''
CUDARPATH=''
CYGPATH_W='echo'
DEFS='-DHAVE_CONFIG_H'
DEPDIR='.deps'
DLLTOOL='false'
DSYMUTIL='dsymutil'
DUMPBIN=''
ECHO_C='\c'
ECHO_N=''
ECHO_T=''
EGREP='/usr/bin/grep -E'
ENABLE_ASM_REDC_FALSE='#'
ENABLE_ASM_REDC_TRUE=''
EXEEXT=''
FGREP='/usr/bin/grep -F'
GMPLIB='-lgmp'
GREP='/usr/bin/grep'
GSL_LD_FLAGS=''
INSTALL_DATA='${INSTALL} -m 644'
INSTALL_PROGRAM='${INSTALL}'
INSTALL_SCRIPT='${INSTALL}'
INSTALL_STRIP_PROGRAM='$(install_sh) -c -s'
LD='/Applications/Xcode.app/Contents/Developer/Toolchains/XcodeDefault.xctoolchain/usr/bin/ld'
LDFLAGS=' '
LIBECM_LDFLAGS=''
LIBOBJS=''
LIBS='-lm -lm -lm -lm -lm  '
LIBTOOL='$(SHELL) $(top_builddir)/libtool'
LIPO='lipo'
LN_S='ln -s'
LTLIBOBJS=''
LT_SYS_LIBRARY_PATH=''
M4='m4'
MAKEINFO='${SHELL} /Users/ernesto/desktop/factor/ecm-7.0.4/missing makeinfo'
MAKE_MANPAGE_FALSE=''
MAKE_MANPAGE_TRUE='#'
MANIFEST_TOOL=':'
MKDIR_P='./install-sh -c -d'
NM='/usr/bin/nm -B'
NMEDIT='nmedit'
NVCC=''
NVCCFLAGS=''
OBJDUMP='objdump'
OBJEXT='o'
OPENMP_CFLAGS=''
OTOOL64=':'
OTOOL='otool'
PACKAGE='ecm'
PACKAGE_BUGREPORT='ecm-discuss@lists.gforge.inria.fr'
PACKAGE_NAME='ecm'
PACKAGE_STRING='ecm 7.0.4'
PACKAGE_TARNAME='ecm'
PACKAGE_URL=''
PACKAGE_VERSION='7.0.4'
PARAMS00 ?= 0
PARAMS11 ?= 0
PARAMS22 ?= 0
PARAMS33 ?= 0
PATH_SEPARATOR=':'
POW_LIB=''
RANLIB='ranlib'
SED='/usr/bin/sed'
SET_MAKE=''
SHELL='/bin/sh'
STRIP='strip'
VALGRIND=''
VERSION='7.0.4'
WANT_GPU_FALSE=''
WANT_GPU_TRUE='#'
WITH_GWNUM_FALSE=''
WITH_GWNUM_TRUE='#'
XSLDIR=''
XSLTPROC='xsltproc'
ac_ct_AR='ar'
ac_ct_CC='clang'
ac_ct_DUMPBIN=''
am__EXEEXT_FALSE=''
am__EXEEXT_TRUE='#'
am__fastdepCCAS_FALSE='#'
am__fastdepCCAS_TRUE=''
am__fastdepCC_FALSE='#'
am__fastdepCC_TRUE=''
am__include='include'
am__isrc=''
am__leading_dot='.'
am__nodep='_no'
am__quote=''
am__tar='$${TAR-tar} chof - "$$tardir"'
am__untar='$${TAR-tar} xf -'
bindir='${exec_prefix}/bin'
build='x86_64-apple-darwin17.4.0'
build_alias=''
build_cpu='x86_64'
build_os='darwin17.4.0'
build_vendor='apple'
datadir='${datarootdir}'
datarootdir='${prefix}/share'
docdir='${datarootdir}/doc/${PACKAGE_TARNAME}'
dvidir='${docdir}'
endif
endif
endif
endif
exec_prefix='${prefix}'
host='x86_64-apple-darwin17.4.0'
host_alias=''
host_cpu='x86_64'
host_os='darwin17.4.0'
host_vendor='apple'
htmldir='${docdir}'
ifeq (${PARAMS00}, 1)
ifeq (${PARAMS11}, 1)
ifeq (${PARAMS22}, 1)
ifeq (${PARAMS33}, 1)
includedir='${prefix}/include'
infodir='${datarootdir}/info'
install_sh='${SHELL} /Users/ernesto/desktop/factor/ecm-7.0.4/install-sh'
libdir='${exec_prefix}/lib'
libexecdir='${exec_prefix}/libexec'
localedir='${datarootdir}/locale'
localstatedir='${prefix}/var'
mandir='${datarootdir}/man'
mkdir_p='$(MKDIR_P)'
oldincludedir='/usr/include'
pdfdir='${docdir}'
prefix='/usr/local'
program_transform_name='s,x,x,'
psdir='${docdir}'
runstatedir='${localstatedir}/run'
sbindir='${exec_prefix}/sbin'
sharedstatedir='${prefix}/com'
sysconfdir='${prefix}/etc'
target_alias=''

## ----------- ##
## confdefs.h. ##
## ----------- ##

/* confdefs.h */
#define PACKAGE_NAME "ecm"
#define PACKAGE_TARNAME "ecm"
#define PACKAGE_VERSION "7.0.4"
#define PACKAGE_STRING "ecm 7.0.4"
#define PACKAGE_BUGREPORT "ecm-discuss@lists.gforge.inria.fr"
#define PACKAGE_URL ""
#define PACKAGE "ecm"
#define VERSION "7.0.4"
#define ECM_VERSION "7.0.4"
#define STDC_HEADERS 1
#define HAVE_SYS_TYPES_H 1
#define HAVE_SYS_STAT_H 1
#define HAVE_STDLIB_H 1
#define HAVE_STRING_H 1
#define HAVE_MEMORY_H 1
#define HAVE_STRINGS_H 1
#define HAVE_INTTYPES_H 1
#define HAVE_STDINT_H 1
#define HAVE_UNISTD_H 1
#define HAVE_DLFCN_H 1
#define LT_OBJDIR ".libs/"
#define HAVE_UNSIGNED_LONG_LONG_INT 1
#define HAVE_LONG_LONG_INT 1
#define TIME_WITH_SYS_TIME 1
#define PRIuSIZE "zu"
#define PRIdSIZE "zd"
#define USE_ASM_REDC 1
#define HAVE_APRCL 1
#define HAVE_ALLOCA_H 1
#define HAVE_ALLOCA 1
#define STDC_HEADERS 1
#define HAVE_MATH_H 1
#define HAVE_LIMITS_H 1
#define HAVE_STRINGS_H 1
#define HAVE_SYS_TIME_H 1
#define HAVE_UNISTD_H 1
#define HAVE_SIGNAL_H 1
#define HAVE_FCNTL_H 1
#define HAVE_CTYPE_H 1
#define HAVE_SYS_TYPES_H 1
#define HAVE_SYS_RESOURCE_H 1
#define HAVE_AIO_H 1
#define HAVE_LIBM 1
#define HAVE_LIBM 1
#define HAVE_LIBM 1
#define HAVE_LIBM 1
#define HAVE_LIBM 1
#define HAVE_ISASCII 1
#define HAVE_MEMSET 1
#define HAVE_STRCHR 1
#define HAVE_STRLEN 1
#define HAVE_STRNCASECMP 1
#define HAVE_STRSTR 1
#define HAVE_ACCESS 1
#define HAVE_UNLINK 1
#define HAVE_ISSPACE 1
#define HAVE_ISDIGIT 1
#define HAVE_ISXDIGIT 1
#define HAVE_TIME 1
#define HAVE_CTIME 1
#define HAVE_GETHOSTNAME 1
#define HAVE_GETTIMEOFDAY 1
#define HAVE_GETRUSAGE 1
#define HAVE_MEMMOVE 1
#define HAVE_SIGNAL 1
#define HAVE_FCNTL 1
#define HAVE_FILENO 1
#define HAVE_SETVBUF 1
#define HAVE_AIO_READ 1
#define HAVE_GMP_H 1
#define HAVE___GMPN_ADD_NC 1
#define HAVE___GMPN_MOD_34LSUB1 1
#define HAVE___GMPN_REDC_1 1
#define HAVE___GMPN_REDC_2 1
#define HAVE___GMPN_MULLO_N 1
#define HAVE___GMPN_REDC_N 1
#define HAVE___GMPN_PREINV_MOD_1 1
#define HAVE___GMPN_MOD_1S_4P_CPS 1
#define HAVE___GMPN_MOD_1S_4P 1
#define HAVE___GMPN_MUL_FFT 1
#define HAVE___GMPN_FFT_NEXT_SIZE 1
#define HAVE___GMPN_FFT_BEST_K 1
#define HAVE___GMPN_MULMOD_BNM1 1
#define HAVE___GMPN_MULMOD_BNM1_NEXT_SIZE 1
#define ATTRIBUTE_HOT __attribute__ ((hot))

configure: exit 0
